Using pre-set license
Built from '2021.3/staging' branch; Version is '2021.3.8f1 (b30333d56e81) revision 11731763'; Using compiler version '192829333'; Build Type 'Release'
OS: 'Windows 11  (10.0.22000) 64bit Professional' Language: 'es' Physical Memory: 32509 MB
BatchMode: 1, IsHumanControllingUs: 0, StartBugReporterOnCrash: 0, Is64bit: 1, IsPro: 1

COMMAND LINE ARGUMENTS:
C:\Program Files\Unity\Hub\Editor\2021.3.8f1\Editor\Unity.exe
-adb2
-batchMode
-noUpm
-name
AssetImportWorker7
-projectPath
C:/Users/tipex/Desktop/Pabloquest
-logFile
Logs/AssetImportWorker7.log
-srvPort
56587
Successfully changed project path to: C:/Users/tipex/Desktop/Pabloquest
C:/Users/tipex/Desktop/Pabloquest
[UnityMemory] Configuration Parameters - Can be set up in boot.config
    "memorysetup-bucket-allocator-granularity=16"
    "memorysetup-bucket-allocator-bucket-count=8"
    "memorysetup-bucket-allocator-block-size=33554432"
    "memorysetup-bucket-allocator-block-count=8"
    "memorysetup-main-allocator-block-size=16777216"
    "memorysetup-thread-allocator-block-size=16777216"
    "memorysetup-gfx-main-allocator-block-size=16777216"
    "memorysetup-gfx-thread-allocator-block-size=16777216"
    "memorysetup-cache-allocator-block-size=4194304"
    "memorysetup-typetree-allocator-block-size=2097152"
    "memorysetup-profiler-bucket-allocator-granularity=16"
    "memorysetup-profiler-bucket-allocator-bucket-count=8"
    "memorysetup-profiler-bucket-allocator-block-size=33554432"
    "memorysetup-profiler-bucket-allocator-block-count=8"
    "memorysetup-profiler-allocator-block-size=16777216"
    "memorysetup-profiler-editor-allocator-block-size=1048576"
    "memorysetup-temp-allocator-size-main=16777216"
    "memorysetup-job-temp-allocator-block-size=2097152"
    "memorysetup-job-temp-allocator-block-size-background=1048576"
    "memorysetup-job-temp-allocator-reduction-small-platforms=262144"
    "memorysetup-temp-allocator-size-background-worker=32768"
    "memorysetup-temp-allocator-size-job-worker=262144"
    "memorysetup-temp-allocator-size-preload-manager=33554432"
    "memorysetup-temp-allocator-size-nav-mesh-worker=65536"
    "memorysetup-temp-allocator-size-audio-worker=65536"
    "memorysetup-temp-allocator-size-cloud-worker=32768"
    "memorysetup-temp-allocator-size-gi-baking-worker=262144"
    "memorysetup-temp-allocator-size-gfx=262144"
Refreshing native plugins compatible for Editor in 94.32 ms, found 3 plugins.
Preloading 0 native plugins for Editor in 0.00 ms.
Initialize engine version: 2021.3.8f1 (b30333d56e81)
[Subsystems] Discovering subsystems at path C:/Program Files/Unity/Hub/Editor/2021.3.8f1/Editor/Data/Resources/UnitySubsystems
[Subsystems] Discovering subsystems at path C:/Users/tipex/Desktop/Pabloquest/Assets
GfxDevice: creating device client; threaded=0; jobified=0
Direct3D:
    Version:  Direct3D 11.0 [level 11.1]
    Renderer: NVIDIA GeForce RTX 3070 Laptop GPU (ID=0x249d)
    Vendor:   NVIDIA
    VRAM:     8044 MB
    Driver:   31.0.15.1659
Initialize mono
Mono path[0] = 'C:/Program Files/Unity/Hub/Editor/2021.3.8f1/Editor/Data/Managed'
Mono path[1] = 'C:/Program Files/Unity/Hub/Editor/2021.3.8f1/Editor/Data/MonoBleedingEdge/lib/mono/unityjit-win32'
Mono config path = 'C:/Program Files/Unity/Hub/Editor/2021.3.8f1/Editor/Data/MonoBleedingEdge/etc'
Using monoOptions --debugger-agent=transport=dt_socket,embedding=1,server=y,suspend=n,address=127.0.0.1:56660
Begin MonoManager ReloadAssembly
Registering precompiled unity dll's ...
Register platform support module: C:/Program Files/Unity/Hub/Editor/2021.3.8f1/Editor/Data/PlaybackEngines/WebGLSupport/UnityEditor.WebGL.Extensions.dll
Register platform support module: C:/Program Files/Unity/Hub/Editor/2021.3.8f1/Editor/Data/PlaybackEngines/MacStandaloneSupport/UnityEditor.OSXStandalone.Extensions.dll
Register platform support module: C:/Program Files/Unity/Hub/Editor/2021.3.8f1/Editor/Data/PlaybackEngines/AndroidPlayer/UnityEditor.Android.Extensions.dll
Register platform support module: C:/Program Files/Unity/Hub/Editor/2021.3.8f1/Editor/Data/PlaybackEngines/iOSSupport/UnityEditor.iOS.Extensions.dll
Register platform support module: C:/Program Files/Unity/Hub/Editor/2021.3.8f1/Editor/Data/PlaybackEngines/AppleTVSupport/UnityEditor.AppleTV.Extensions.dll
Register platform support module: C:/Program Files/Unity/Hub/Editor/2021.3.8f1/Editor/Data/PlaybackEngines/WindowsStandaloneSupport/UnityEditor.WindowsStandalone.Extensions.dll
Register platform support module: C:/Program Files/Unity/Hub/Editor/2021.3.8f1/Editor/Data/PlaybackEngines/LinuxStandaloneSupport/UnityEditor.LinuxStandalone.Extensions.dll
Register platform support module: C:/Program Files/Unity/Hub/Editor/2021.3.8f1/Editor/Data/PlaybackEngines/MetroSupport/UnityEditor.UWP.Extensions.dll
Registered in 0.005518 seconds.
Native extension for UWP target not found
Native extension for LinuxStandalone target not found
Native extension for WindowsStandalone target not found
[usbmuxd] Start listen thread
[usbmuxd] Listen thread started
Native extension for AppleTV target not found
[usbmuxd] Start listen thread
[usbmuxd] Listen thread started
Native extension for iOS target not found
Native extension for Android target not found
Native extension for OSXStandalone target not found
Native extension for WebGL target not found
Refreshing native plugins compatible for Editor in 78.29 ms, found 3 plugins.
Preloading 0 native plugins for Editor in 0.00 ms.
Mono: successfully reloaded assembly
- Completed reload, in  0.488 seconds
Domain Reload Profiling:
	ReloadAssembly (488ms)
		BeginReloadAssembly (49ms)
			ExecutionOrderSort (0ms)
			DisableScriptedObjects (0ms)
			BackupInstance (0ms)
			ReleaseScriptingObjects (0ms)
			CreateAndSetChildDomain (1ms)
		EndReloadAssembly (362ms)
			LoadAssemblies (48ms)
			RebuildTransferFunctionScriptingTraits (0ms)
			SetupTypeCache (76ms)
			ReleaseScriptCaches (0ms)
			RebuildScriptCaches (19ms)
			SetupLoadedEditorAssemblies (232ms)
				LogAssemblyErrors (0ms)
				InitializePlatformSupportModulesInManaged (50ms)
				SetLoadedEditorAssemblies (0ms)
				RefreshPlugins (78ms)
				BeforeProcessingInitializeOnLoad (1ms)
				ProcessInitializeOnLoadAttributes (72ms)
				ProcessInitializeOnLoadMethodAttributes (31ms)
				AfterProcessingInitializeOnLoad (0ms)
				EditorAssembliesLoaded (0ms)
			ExecutionOrderSort2 (0ms)
			AwakeInstancesAfterBackupRestoration (0ms)
Platform modules already initialized, skipping
Registering precompiled user dll's ...
Registered in 0.003494 seconds.
Begin MonoManager ReloadAssembly
Symbol file LoadedFromMemory doesn't match image C:\Users\tipex\Desktop\Pabloquest\Library\PackageCache\com.unity.visualscripting@1.7.8\Editor\VisualScripting.Core\Dependencies\YamlDotNet\Unity.VisualScripting.YamlDotNet.dll
Symbol file LoadedFromMemory doesn't match image C:\Users\tipex\Desktop\Pabloquest\Library\PackageCache\com.unity.visualscripting@1.7.8\Editor\VisualScripting.Core\Dependencies\DotNetZip\Unity.VisualScripting.IonicZip.dll
Native extension for UWP target not found
Native extension for LinuxStandalone target not found
Native extension for WindowsStandalone target not found
Native extension for AppleTV target not found
Native extension for iOS target not found
Native extension for Android target not found
Native extension for OSXStandalone target not found
Native extension for WebGL target not found
Refreshing native plugins compatible for Editor in 79.82 ms, found 3 plugins.
Preloading 0 native plugins for Editor in 0.00 ms.
Mono: successfully reloaded assembly
- Completed reload, in  1.090 seconds
Domain Reload Profiling:
	ReloadAssembly (1090ms)
		BeginReloadAssembly (191ms)
			ExecutionOrderSort (0ms)
			DisableScriptedObjects (4ms)
			BackupInstance (0ms)
			ReleaseScriptingObjects (0ms)
			CreateAndSetChildDomain (127ms)
		EndReloadAssembly (806ms)
			LoadAssemblies (65ms)
			RebuildTransferFunctionScriptingTraits (0ms)
			SetupTypeCache (244ms)
			ReleaseScriptCaches (1ms)
			RebuildScriptCaches (48ms)
			SetupLoadedEditorAssemblies (409ms)
				LogAssemblyErrors (0ms)
				InitializePlatformSupportModulesInManaged (23ms)
				SetLoadedEditorAssemblies (0ms)
				RefreshPlugins (80ms)
				BeforeProcessingInitializeOnLoad (76ms)
				ProcessInitializeOnLoadAttributes (209ms)
				ProcessInitializeOnLoadMethodAttributes (17ms)
				AfterProcessingInitializeOnLoad (4ms)
				EditorAssembliesLoaded (0ms)
			ExecutionOrderSort2 (0ms)
			AwakeInstancesAfterBackupRestoration (4ms)
Platform modules already initialized, skipping
========================================================================
Worker process is ready to serve import requests
Launched and connected shader compiler UnityShaderCompiler.exe after 0.03 seconds
Refreshing native plugins compatible for Editor in 0.64 ms, found 3 plugins.
Preloading 0 native plugins for Editor in 0.00 ms.
Unloading 4264 Unused Serialized files (Serialized files now loaded: 0)
Unloading 28 unused Assets / (68.4 KB). Loaded Objects now: 4731.
Memory consumption went from 154.8 MB to 154.8 MB.
Total: 3.099900 ms (FindLiveObjects: 0.242600 ms CreateObjectMapping: 0.106700 ms MarkObjects: 2.673500 ms  DeleteObjects: 0.076500 ms)

AssetImportParameters requested are different than current active one (requested -> active):
  custom:video-decoder-ogg-theora: a1e56fd34408186e4bbccfd4996cb3dc -> 
  custom:container-muxer-webm: aa71ff27fc2769a1b78a27578f13a17b -> 
  custom:container-demuxer-webm: 4f35f7cbe854078d1ac9338744f61a02 -> 
  custom:video-encoder-webm-vp8: eb34c28f22e8b96e1ab97ce403110664 -> 
  custom:video-codec-MediaFoundation-h265: 746d11721c4dcdbdad8f713fa42b33f4 -> 
  custom:audio-encoder-webm-vorbis: bf7c407c2cedff20999df2af8eb42d56 -> 
  custom:framework-win-MediaFoundation: 216162199b28c13a410421893ffa2e32 -> 
  custom:container-demuxer-ogg: 62fdf1f143b41e24485cea50d1cbac27 -> 
  custom:video-decoder-webm-vp8: 9c59270c3fd7afecdb556c50c9e8de78 -> 
  custom:audio-decoder-ogg-vorbis: bf7c407c2cedff20999df2af8eb42d56 -> 
========================================================================
Received Prepare
Registering precompiled user dll's ...
Registered in 0.003106 seconds.
Begin MonoManager ReloadAssembly
Symbol file LoadedFromMemory doesn't match image C:\Users\tipex\Desktop\Pabloquest\Library\PackageCache\com.unity.visualscripting@1.7.8\Editor\VisualScripting.Core\Dependencies\YamlDotNet\Unity.VisualScripting.YamlDotNet.dll
Symbol file LoadedFromMemory doesn't match image C:\Users\tipex\Desktop\Pabloquest\Library\PackageCache\com.unity.visualscripting@1.7.8\Editor\VisualScripting.Core\Dependencies\DotNetZip\Unity.VisualScripting.IonicZip.dll
Native extension for UWP target not found
Native extension for LinuxStandalone target not found
Native extension for WindowsStandalone target not found
Native extension for AppleTV target not found
Native extension for iOS target not found
Native extension for Android target not found
Native extension for OSXStandalone target not found
Native extension for WebGL target not found
Refreshing native plugins compatible for Editor in 0.88 ms, found 3 plugins.
Preloading 0 native plugins for Editor in 0.00 ms.
Mono: successfully reloaded assembly
- Completed reload, in  0.852 seconds
Domain Reload Profiling:
	ReloadAssembly (852ms)
		BeginReloadAssembly (105ms)
			ExecutionOrderSort (0ms)
			DisableScriptedObjects (4ms)
			BackupInstance (0ms)
			ReleaseScriptingObjects (0ms)
			CreateAndSetChildDomain (34ms)
		EndReloadAssembly (676ms)
			LoadAssemblies (64ms)
			RebuildTransferFunctionScriptingTraits (0ms)
			SetupTypeCache (226ms)
			ReleaseScriptCaches (2ms)
			RebuildScriptCaches (33ms)
			SetupLoadedEditorAssemblies (311ms)
				LogAssemblyErrors (0ms)
				InitializePlatformSupportModulesInManaged (30ms)
				SetLoadedEditorAssemblies (0ms)
				RefreshPlugins (1ms)
				BeforeProcessingInitializeOnLoad (52ms)
				ProcessInitializeOnLoadAttributes (202ms)
				ProcessInitializeOnLoadMethodAttributes (22ms)
				AfterProcessingInitializeOnLoad (4ms)
				EditorAssembliesLoaded (0ms)
			ExecutionOrderSort2 (0ms)
			AwakeInstancesAfterBackupRestoration (5ms)
Platform modules already initialized, skipping
Refreshing native plugins compatible for Editor in 2.08 ms, found 3 plugins.
Preloading 0 native plugins for Editor in 0.00 ms.
Unloading 4224 Unused Serialized files (Serialized files now loaded: 0)
Unloading 20 unused Assets / (83.8 KB). Loaded Objects now: 4734.
Memory consumption went from 151.3 MB to 151.3 MB.
Total: 3.215100 ms (FindLiveObjects: 0.346700 ms CreateObjectMapping: 0.125700 ms MarkObjects: 2.656800 ms  DeleteObjects: 0.085200 ms)

AssetImportParameters requested are different than current active one (requested -> active):
  custom:video-decoder-ogg-theora: a1e56fd34408186e4bbccfd4996cb3dc -> 
  custom:container-muxer-webm: aa71ff27fc2769a1b78a27578f13a17b -> 
  custom:container-demuxer-webm: 4f35f7cbe854078d1ac9338744f61a02 -> 
  custom:video-encoder-webm-vp8: eb34c28f22e8b96e1ab97ce403110664 -> 
  custom:video-codec-MediaFoundation-h265: 746d11721c4dcdbdad8f713fa42b33f4 -> 
  custom:audio-encoder-webm-vorbis: bf7c407c2cedff20999df2af8eb42d56 -> 
  custom:framework-win-MediaFoundation: 216162199b28c13a410421893ffa2e32 -> 
  custom:container-demuxer-ogg: 62fdf1f143b41e24485cea50d1cbac27 -> 
  custom:video-decoder-webm-vp8: 9c59270c3fd7afecdb556c50c9e8de78 -> 
  custom:audio-decoder-ogg-vorbis: bf7c407c2cedff20999df2af8eb42d56 -> 
========================================================================
Received Prepare
Registering precompiled user dll's ...
Registered in 0.003901 seconds.
Begin MonoManager ReloadAssembly
Symbol file LoadedFromMemory doesn't match image C:\Users\tipex\Desktop\Pabloquest\Library\PackageCache\com.unity.visualscripting@1.7.8\Editor\VisualScripting.Core\Dependencies\YamlDotNet\Unity.VisualScripting.YamlDotNet.dll
Symbol file LoadedFromMemory doesn't match image C:\Users\tipex\Desktop\Pabloquest\Library\PackageCache\com.unity.visualscripting@1.7.8\Editor\VisualScripting.Core\Dependencies\DotNetZip\Unity.VisualScripting.IonicZip.dll
Native extension for UWP target not found
Native extension for LinuxStandalone target not found
Native extension for WindowsStandalone target not found
Native extension for AppleTV target not found
Native extension for iOS target not found
Native extension for Android target not found
Native extension for OSXStandalone target not found
Native extension for WebGL target not found
Refreshing native plugins compatible for Editor in 0.69 ms, found 3 plugins.
Preloading 0 native plugins for Editor in 0.00 ms.
Mono: successfully reloaded assembly
- Completed reload, in  0.791 seconds
Domain Reload Profiling:
	ReloadAssembly (792ms)
		BeginReloadAssembly (104ms)
			ExecutionOrderSort (0ms)
			DisableScriptedObjects (4ms)
			BackupInstance (0ms)
			ReleaseScriptingObjects (0ms)
			CreateAndSetChildDomain (30ms)
		EndReloadAssembly (617ms)
			LoadAssemblies (56ms)
			RebuildTransferFunctionScriptingTraits (0ms)
			SetupTypeCache (202ms)
			ReleaseScriptCaches (1ms)
			RebuildScriptCaches (31ms)
			SetupLoadedEditorAssemblies (289ms)
				LogAssemblyErrors (0ms)
				InitializePlatformSupportModulesInManaged (27ms)
				SetLoadedEditorAssemblies (0ms)
				RefreshPlugins (1ms)
				BeforeProcessingInitializeOnLoad (50ms)
				ProcessInitializeOnLoadAttributes (188ms)
				ProcessInitializeOnLoadMethodAttributes (18ms)
				AfterProcessingInitializeOnLoad (4ms)
				EditorAssembliesLoaded (0ms)
			ExecutionOrderSort2 (0ms)
			AwakeInstancesAfterBackupRestoration (4ms)
Platform modules already initialized, skipping
Refreshing native plugins compatible for Editor in 1.69 ms, found 3 plugins.
Preloading 0 native plugins for Editor in 0.00 ms.
Unloading 4224 Unused Serialized files (Serialized files now loaded: 0)
Unloading 20 unused Assets / (76.4 KB). Loaded Objects now: 4737.
Memory consumption went from 151.3 MB to 151.3 MB.
Total: 3.080900 ms (FindLiveObjects: 0.288400 ms CreateObjectMapping: 0.117500 ms MarkObjects: 2.564200 ms  DeleteObjects: 0.109800 ms)

AssetImportParameters requested are different than current active one (requested -> active):
  custom:video-decoder-ogg-theora: a1e56fd34408186e4bbccfd4996cb3dc -> 
  custom:container-muxer-webm: aa71ff27fc2769a1b78a27578f13a17b -> 
  custom:container-demuxer-webm: 4f35f7cbe854078d1ac9338744f61a02 -> 
  custom:video-encoder-webm-vp8: eb34c28f22e8b96e1ab97ce403110664 -> 
  custom:video-codec-MediaFoundation-h265: 746d11721c4dcdbdad8f713fa42b33f4 -> 
  custom:audio-encoder-webm-vorbis: bf7c407c2cedff20999df2af8eb42d56 -> 
  custom:framework-win-MediaFoundation: 216162199b28c13a410421893ffa2e32 -> 
  custom:container-demuxer-ogg: 62fdf1f143b41e24485cea50d1cbac27 -> 
  custom:video-decoder-webm-vp8: 9c59270c3fd7afecdb556c50c9e8de78 -> 
  custom:audio-decoder-ogg-vorbis: bf7c407c2cedff20999df2af8eb42d56 -> 
========================================================================
Received Prepare
Registering precompiled user dll's ...
Registered in 0.003403 seconds.
Begin MonoManager ReloadAssembly
Symbol file LoadedFromMemory doesn't match image C:\Users\tipex\Desktop\Pabloquest\Library\PackageCache\com.unity.visualscripting@1.7.8\Editor\VisualScripting.Core\Dependencies\YamlDotNet\Unity.VisualScripting.YamlDotNet.dll
Symbol file LoadedFromMemory doesn't match image C:\Users\tipex\Desktop\Pabloquest\Library\PackageCache\com.unity.visualscripting@1.7.8\Editor\VisualScripting.Core\Dependencies\DotNetZip\Unity.VisualScripting.IonicZip.dll
Native extension for UWP target not found
Native extension for LinuxStandalone target not found
Native extension for WindowsStandalone target not found
Native extension for AppleTV target not found
Native extension for iOS target not found
Native extension for Android target not found
Native extension for OSXStandalone target not found
Native extension for WebGL target not found
Refreshing native plugins compatible for Editor in 0.63 ms, found 3 plugins.
Preloading 0 native plugins for Editor in 0.00 ms.
Mono: successfully reloaded assembly
- Completed reload, in  0.778 seconds
Domain Reload Profiling:
	ReloadAssembly (778ms)
		BeginReloadAssembly (98ms)
			ExecutionOrderSort (0ms)
			DisableScriptedObjects (3ms)
			BackupInstance (0ms)
			ReleaseScriptingObjects (0ms)
			CreateAndSetChildDomain (29ms)
		EndReloadAssembly (612ms)
			LoadAssemblies (54ms)
			RebuildTransferFunctionScriptingTraits (0ms)
			SetupTypeCache (204ms)
			ReleaseScriptCaches (1ms)
			RebuildScriptCaches (34ms)
			SetupLoadedEditorAssemblies (281ms)
				LogAssemblyErrors (0ms)
				InitializePlatformSupportModulesInManaged (28ms)
				SetLoadedEditorAssemblies (0ms)
				RefreshPlugins (1ms)
				BeforeProcessingInitializeOnLoad (48ms)
				ProcessInitializeOnLoadAttributes (181ms)
				ProcessInitializeOnLoadMethodAttributes (19ms)
				AfterProcessingInitializeOnLoad (4ms)
				EditorAssembliesLoaded (0ms)
			ExecutionOrderSort2 (0ms)
			AwakeInstancesAfterBackupRestoration (4ms)
Platform modules already initialized, skipping
Refreshing native plugins compatible for Editor in 1.62 ms, found 3 plugins.
Preloading 0 native plugins for Editor in 0.00 ms.
Unloading 4224 Unused Serialized files (Serialized files now loaded: 0)
Unloading 20 unused Assets / (84.0 KB). Loaded Objects now: 4740.
Memory consumption went from 151.4 MB to 151.3 MB.
Total: 2.980400 ms (FindLiveObjects: 0.299100 ms CreateObjectMapping: 0.127600 ms MarkObjects: 2.469700 ms  DeleteObjects: 0.083100 ms)

AssetImportParameters requested are different than current active one (requested -> active):
  custom:video-decoder-ogg-theora: a1e56fd34408186e4bbccfd4996cb3dc -> 
  custom:container-muxer-webm: aa71ff27fc2769a1b78a27578f13a17b -> 
  custom:container-demuxer-webm: 4f35f7cbe854078d1ac9338744f61a02 -> 
  custom:video-encoder-webm-vp8: eb34c28f22e8b96e1ab97ce403110664 -> 
  custom:video-codec-MediaFoundation-h265: 746d11721c4dcdbdad8f713fa42b33f4 -> 
  custom:audio-encoder-webm-vorbis: bf7c407c2cedff20999df2af8eb42d56 -> 
  custom:framework-win-MediaFoundation: 216162199b28c13a410421893ffa2e32 -> 
  custom:container-demuxer-ogg: 62fdf1f143b41e24485cea50d1cbac27 -> 
  custom:video-decoder-webm-vp8: 9c59270c3fd7afecdb556c50c9e8de78 -> 
  custom:audio-decoder-ogg-vorbis: bf7c407c2cedff20999df2af8eb42d56 -> 
========================================================================
Received Prepare
Registering precompiled user dll's ...
Registered in 0.003680 seconds.
Begin MonoManager ReloadAssembly
Symbol file LoadedFromMemory doesn't match image C:\Users\tipex\Desktop\Pabloquest\Library\PackageCache\com.unity.visualscripting@1.7.8\Editor\VisualScripting.Core\Dependencies\YamlDotNet\Unity.VisualScripting.YamlDotNet.dll
Symbol file LoadedFromMemory doesn't match image C:\Users\tipex\Desktop\Pabloquest\Library\PackageCache\com.unity.visualscripting@1.7.8\Editor\VisualScripting.Core\Dependencies\DotNetZip\Unity.VisualScripting.IonicZip.dll
Native extension for UWP target not found
Native extension for LinuxStandalone target not found
Native extension for WindowsStandalone target not found
Native extension for AppleTV target not found
Native extension for iOS target not found
Native extension for Android target not found
Native extension for OSXStandalone target not found
Native extension for WebGL target not found
Refreshing native plugins compatible for Editor in 0.64 ms, found 3 plugins.
Preloading 0 native plugins for Editor in 0.00 ms.
Mono: successfully reloaded assembly
- Completed reload, in  0.788 seconds
Domain Reload Profiling:
	ReloadAssembly (788ms)
		BeginReloadAssembly (98ms)
			ExecutionOrderSort (0ms)
			DisableScriptedObjects (3ms)
			BackupInstance (0ms)
			ReleaseScriptingObjects (0ms)
			CreateAndSetChildDomain (31ms)
		EndReloadAssembly (612ms)
			LoadAssemblies (57ms)
			RebuildTransferFunctionScriptingTraits (0ms)
			SetupTypeCache (208ms)
			ReleaseScriptCaches (1ms)
			RebuildScriptCaches (33ms)
			SetupLoadedEditorAssemblies (279ms)
				LogAssemblyErrors (0ms)
				InitializePlatformSupportModulesInManaged (27ms)
				SetLoadedEditorAssemblies (0ms)
				RefreshPlugins (1ms)
				BeforeProcessingInitializeOnLoad (47ms)
				ProcessInitializeOnLoadAttributes (181ms)
				ProcessInitializeOnLoadMethodAttributes (19ms)
				AfterProcessingInitializeOnLoad (4ms)
				EditorAssembliesLoaded (0ms)
			ExecutionOrderSort2 (0ms)
			AwakeInstancesAfterBackupRestoration (4ms)
Platform modules already initialized, skipping
Refreshing native plugins compatible for Editor in 1.63 ms, found 3 plugins.
Preloading 0 native plugins for Editor in 0.00 ms.
Unloading 4224 Unused Serialized files (Serialized files now loaded: 0)
Unloading 20 unused Assets / (83.9 KB). Loaded Objects now: 4743.
Memory consumption went from 151.4 MB to 151.3 MB.
Total: 3.065700 ms (FindLiveObjects: 0.293600 ms CreateObjectMapping: 0.107400 ms MarkObjects: 2.575000 ms  DeleteObjects: 0.088900 ms)

AssetImportParameters requested are different than current active one (requested -> active):
  custom:video-decoder-ogg-theora: a1e56fd34408186e4bbccfd4996cb3dc -> 
  custom:container-muxer-webm: aa71ff27fc2769a1b78a27578f13a17b -> 
  custom:container-demuxer-webm: 4f35f7cbe854078d1ac9338744f61a02 -> 
  custom:video-encoder-webm-vp8: eb34c28f22e8b96e1ab97ce403110664 -> 
  custom:video-codec-MediaFoundation-h265: 746d11721c4dcdbdad8f713fa42b33f4 -> 
  custom:audio-encoder-webm-vorbis: bf7c407c2cedff20999df2af8eb42d56 -> 
  custom:framework-win-MediaFoundation: 216162199b28c13a410421893ffa2e32 -> 
  custom:container-demuxer-ogg: 62fdf1f143b41e24485cea50d1cbac27 -> 
  custom:video-decoder-webm-vp8: 9c59270c3fd7afecdb556c50c9e8de78 -> 
  custom:audio-decoder-ogg-vorbis: bf7c407c2cedff20999df2af8eb42d56 -> 
========================================================================
Received Prepare
Registering precompiled user dll's ...
Registered in 0.003136 seconds.
Begin MonoManager ReloadAssembly
Symbol file LoadedFromMemory doesn't match image C:\Users\tipex\Desktop\Pabloquest\Library\PackageCache\com.unity.visualscripting@1.7.8\Editor\VisualScripting.Core\Dependencies\YamlDotNet\Unity.VisualScripting.YamlDotNet.dll
Symbol file LoadedFromMemory doesn't match image C:\Users\tipex\Desktop\Pabloquest\Library\PackageCache\com.unity.visualscripting@1.7.8\Editor\VisualScripting.Core\Dependencies\DotNetZip\Unity.VisualScripting.IonicZip.dll
Native extension for UWP target not found
Native extension for LinuxStandalone target not found
Native extension for WindowsStandalone target not found
Native extension for AppleTV target not found
Native extension for iOS target not found
Native extension for Android target not found
Native extension for OSXStandalone target not found
Native extension for WebGL target not found
Refreshing native plugins compatible for Editor in 0.72 ms, found 3 plugins.
Preloading 0 native plugins for Editor in 0.00 ms.
Mono: successfully reloaded assembly
- Completed reload, in  0.798 seconds
Domain Reload Profiling:
	ReloadAssembly (799ms)
		BeginReloadAssembly (103ms)
			ExecutionOrderSort (0ms)
			DisableScriptedObjects (4ms)
			BackupInstance (0ms)
			ReleaseScriptingObjects (0ms)
			CreateAndSetChildDomain (30ms)
		EndReloadAssembly (625ms)
			LoadAssemblies (64ms)
			RebuildTransferFunctionScriptingTraits (0ms)
			SetupTypeCache (207ms)
			ReleaseScriptCaches (1ms)
			RebuildScriptCaches (31ms)
			SetupLoadedEditorAssemblies (291ms)
				LogAssemblyErrors (0ms)
				InitializePlatformSupportModulesInManaged (26ms)
				SetLoadedEditorAssemblies (0ms)
				RefreshPlugins (1ms)
				BeforeProcessingInitializeOnLoad (48ms)
				ProcessInitializeOnLoadAttributes (195ms)
				ProcessInitializeOnLoadMethodAttributes (17ms)
				AfterProcessingInitializeOnLoad (4ms)
				EditorAssembliesLoaded (0ms)
			ExecutionOrderSort2 (0ms)
			AwakeInstancesAfterBackupRestoration (4ms)
Platform modules already initialized, skipping
Refreshing native plugins compatible for Editor in 1.62 ms, found 3 plugins.
Preloading 0 native plugins for Editor in 0.00 ms.
Unloading 4224 Unused Serialized files (Serialized files now loaded: 0)
Unloading 20 unused Assets / (84.1 KB). Loaded Objects now: 4746.
Memory consumption went from 151.4 MB to 151.3 MB.
Total: 2.792900 ms (FindLiveObjects: 0.239500 ms CreateObjectMapping: 0.091400 ms MarkObjects: 2.377000 ms  DeleteObjects: 0.084400 ms)

AssetImportParameters requested are different than current active one (requested -> active):
  custom:video-decoder-ogg-theora: a1e56fd34408186e4bbccfd4996cb3dc -> 
  custom:container-muxer-webm: aa71ff27fc2769a1b78a27578f13a17b -> 
  custom:container-demuxer-webm: 4f35f7cbe854078d1ac9338744f61a02 -> 
  custom:video-encoder-webm-vp8: eb34c28f22e8b96e1ab97ce403110664 -> 
  custom:video-codec-MediaFoundation-h265: 746d11721c4dcdbdad8f713fa42b33f4 -> 
  custom:audio-encoder-webm-vorbis: bf7c407c2cedff20999df2af8eb42d56 -> 
  custom:framework-win-MediaFoundation: 216162199b28c13a410421893ffa2e32 -> 
  custom:container-demuxer-ogg: 62fdf1f143b41e24485cea50d1cbac27 -> 
  custom:video-decoder-webm-vp8: 9c59270c3fd7afecdb556c50c9e8de78 -> 
  custom:audio-decoder-ogg-vorbis: bf7c407c2cedff20999df2af8eb42d56 -> 
========================================================================
Received Prepare
Registering precompiled user dll's ...
Registered in 0.003332 seconds.
Begin MonoManager ReloadAssembly
Symbol file LoadedFromMemory doesn't match image C:\Users\tipex\Desktop\Pabloquest\Library\PackageCache\com.unity.visualscripting@1.7.8\Editor\VisualScripting.Core\Dependencies\YamlDotNet\Unity.VisualScripting.YamlDotNet.dll
Symbol file LoadedFromMemory doesn't match image C:\Users\tipex\Desktop\Pabloquest\Library\PackageCache\com.unity.visualscripting@1.7.8\Editor\VisualScripting.Core\Dependencies\DotNetZip\Unity.VisualScripting.IonicZip.dll
Native extension for UWP target not found
Native extension for LinuxStandalone target not found
Native extension for WindowsStandalone target not found
Native extension for AppleTV target not found
Native extension for iOS target not found
Native extension for Android target not found
Native extension for OSXStandalone target not found
Native extension for WebGL target not found
Refreshing native plugins compatible for Editor in 0.79 ms, found 3 plugins.
Preloading 0 native plugins for Editor in 0.00 ms.
Mono: successfully reloaded assembly
- Completed reload, in  0.792 seconds
Domain Reload Profiling:
	ReloadAssembly (793ms)
		BeginReloadAssembly (101ms)
			ExecutionOrderSort (0ms)
			DisableScriptedObjects (4ms)
			BackupInstance (0ms)
			ReleaseScriptingObjects (0ms)
			CreateAndSetChildDomain (30ms)
		EndReloadAssembly (621ms)
			LoadAssemblies (58ms)
			RebuildTransferFunctionScriptingTraits (0ms)
			SetupTypeCache (201ms)
			ReleaseScriptCaches (2ms)
			RebuildScriptCaches (32ms)
			SetupLoadedEditorAssemblies (287ms)
				LogAssemblyErrors (0ms)
				InitializePlatformSupportModulesInManaged (27ms)
				SetLoadedEditorAssemblies (0ms)
				RefreshPlugins (1ms)
				BeforeProcessingInitializeOnLoad (48ms)
				ProcessInitializeOnLoadAttributes (189ms)
				ProcessInitializeOnLoadMethodAttributes (19ms)
				AfterProcessingInitializeOnLoad (4ms)
				EditorAssembliesLoaded (0ms)
			ExecutionOrderSort2 (0ms)
			AwakeInstancesAfterBackupRestoration (4ms)
Platform modules already initialized, skipping
Refreshing native plugins compatible for Editor in 1.67 ms, found 3 plugins.
Preloading 0 native plugins for Editor in 0.00 ms.
Unloading 4224 Unused Serialized files (Serialized files now loaded: 0)
Unloading 20 unused Assets / (61.5 KB). Loaded Objects now: 4749.
Memory consumption went from 151.4 MB to 151.3 MB.
Total: 3.537300 ms (FindLiveObjects: 0.351100 ms CreateObjectMapping: 0.136400 ms MarkObjects: 2.920200 ms  DeleteObjects: 0.128500 ms)

AssetImportParameters requested are different than current active one (requested -> active):
  custom:video-decoder-ogg-theora: a1e56fd34408186e4bbccfd4996cb3dc -> 
  custom:container-muxer-webm: aa71ff27fc2769a1b78a27578f13a17b -> 
  custom:container-demuxer-webm: 4f35f7cbe854078d1ac9338744f61a02 -> 
  custom:video-encoder-webm-vp8: eb34c28f22e8b96e1ab97ce403110664 -> 
  custom:video-codec-MediaFoundation-h265: 746d11721c4dcdbdad8f713fa42b33f4 -> 
  custom:audio-encoder-webm-vorbis: bf7c407c2cedff20999df2af8eb42d56 -> 
  custom:framework-win-MediaFoundation: 216162199b28c13a410421893ffa2e32 -> 
  custom:container-demuxer-ogg: 62fdf1f143b41e24485cea50d1cbac27 -> 
  custom:video-decoder-webm-vp8: 9c59270c3fd7afecdb556c50c9e8de78 -> 
  custom:audio-decoder-ogg-vorbis: bf7c407c2cedff20999df2af8eb42d56 -> 
========================================================================
Received Prepare
Registering precompiled user dll's ...
Registered in 0.003436 seconds.
Begin MonoManager ReloadAssembly
Symbol file LoadedFromMemory doesn't match image C:\Users\tipex\Desktop\Pabloquest\Library\PackageCache\com.unity.visualscripting@1.7.8\Editor\VisualScripting.Core\Dependencies\YamlDotNet\Unity.VisualScripting.YamlDotNet.dll
Symbol file LoadedFromMemory doesn't match image C:\Users\tipex\Desktop\Pabloquest\Library\PackageCache\com.unity.visualscripting@1.7.8\Editor\VisualScripting.Core\Dependencies\DotNetZip\Unity.VisualScripting.IonicZip.dll
Native extension for UWP target not found
Native extension for LinuxStandalone target not found
Native extension for WindowsStandalone target not found
Native extension for AppleTV target not found
Native extension for iOS target not found
Native extension for Android target not found
Native extension for OSXStandalone target not found
Native extension for WebGL target not found
Refreshing native plugins compatible for Editor in 0.76 ms, found 3 plugins.
Preloading 0 native plugins for Editor in 0.00 ms.
Mono: successfully reloaded assembly
- Completed reload, in  0.778 seconds
Domain Reload Profiling:
	ReloadAssembly (778ms)
		BeginReloadAssembly (98ms)
			ExecutionOrderSort (0ms)
			DisableScriptedObjects (4ms)
			BackupInstance (0ms)
			ReleaseScriptingObjects (0ms)
			CreateAndSetChildDomain (28ms)
		EndReloadAssembly (610ms)
			LoadAssemblies (59ms)
			RebuildTransferFunctionScriptingTraits (0ms)
			SetupTypeCache (197ms)
			ReleaseScriptCaches (2ms)
			RebuildScriptCaches (30ms)
			SetupLoadedEditorAssemblies (290ms)
				LogAssemblyErrors (0ms)
				InitializePlatformSupportModulesInManaged (27ms)
				SetLoadedEditorAssemblies (0ms)
				RefreshPlugins (1ms)
				BeforeProcessingInitializeOnLoad (55ms)
				ProcessInitializeOnLoadAttributes (181ms)
				ProcessInitializeOnLoadMethodAttributes (20ms)
				AfterProcessingInitializeOnLoad (6ms)
				EditorAssembliesLoaded (0ms)
			ExecutionOrderSort2 (0ms)
			AwakeInstancesAfterBackupRestoration (5ms)
Platform modules already initialized, skipping
Refreshing native plugins compatible for Editor in 1.53 ms, found 3 plugins.
Preloading 0 native plugins for Editor in 0.00 ms.
Unloading 4224 Unused Serialized files (Serialized files now loaded: 0)
Unloading 20 unused Assets / (61.5 KB). Loaded Objects now: 4752.
Memory consumption went from 151.4 MB to 151.3 MB.
Total: 3.372300 ms (FindLiveObjects: 0.245900 ms CreateObjectMapping: 0.106800 ms MarkObjects: 2.935500 ms  DeleteObjects: 0.083100 ms)

AssetImportParameters requested are different than current active one (requested -> active):
  custom:video-decoder-ogg-theora: a1e56fd34408186e4bbccfd4996cb3dc -> 
  custom:container-muxer-webm: aa71ff27fc2769a1b78a27578f13a17b -> 
  custom:container-demuxer-webm: 4f35f7cbe854078d1ac9338744f61a02 -> 
  custom:video-encoder-webm-vp8: eb34c28f22e8b96e1ab97ce403110664 -> 
  custom:video-codec-MediaFoundation-h265: 746d11721c4dcdbdad8f713fa42b33f4 -> 
  custom:audio-encoder-webm-vorbis: bf7c407c2cedff20999df2af8eb42d56 -> 
  custom:framework-win-MediaFoundation: 216162199b28c13a410421893ffa2e32 -> 
  custom:container-demuxer-ogg: 62fdf1f143b41e24485cea50d1cbac27 -> 
  custom:video-decoder-webm-vp8: 9c59270c3fd7afecdb556c50c9e8de78 -> 
  custom:audio-decoder-ogg-vorbis: bf7c407c2cedff20999df2af8eb42d56 -> 
========================================================================
Received Prepare
Registering precompiled user dll's ...
Registered in 0.004896 seconds.
Begin MonoManager ReloadAssembly
Symbol file LoadedFromMemory doesn't match image C:\Users\tipex\Desktop\Pabloquest\Library\PackageCache\com.unity.visualscripting@1.7.8\Editor\VisualScripting.Core\Dependencies\YamlDotNet\Unity.VisualScripting.YamlDotNet.dll
Symbol file LoadedFromMemory doesn't match image C:\Users\tipex\Desktop\Pabloquest\Library\PackageCache\com.unity.visualscripting@1.7.8\Editor\VisualScripting.Core\Dependencies\DotNetZip\Unity.VisualScripting.IonicZip.dll
Native extension for UWP target not found
Native extension for LinuxStandalone target not found
Native extension for WindowsStandalone target not found
Native extension for AppleTV target not found
Native extension for iOS target not found
Native extension for Android target not found
Native extension for OSXStandalone target not found
Native extension for WebGL target not found
Refreshing native plugins compatible for Editor in 0.65 ms, found 3 plugins.
Preloading 0 native plugins for Editor in 0.00 ms.
Mono: successfully reloaded assembly
- Completed reload, in  0.789 seconds
Domain Reload Profiling:
	ReloadAssembly (790ms)
		BeginReloadAssembly (103ms)
			ExecutionOrderSort (0ms)
			DisableScriptedObjects (3ms)
			BackupInstance (0ms)
			ReleaseScriptingObjects (0ms)
			CreateAndSetChildDomain (28ms)
		EndReloadAssembly (618ms)
			LoadAssemblies (67ms)
			RebuildTransferFunctionScriptingTraits (0ms)
			SetupTypeCache (197ms)
			ReleaseScriptCaches (2ms)
			RebuildScriptCaches (31ms)
			SetupLoadedEditorAssemblies (293ms)
				LogAssemblyErrors (0ms)
				InitializePlatformSupportModulesInManaged (30ms)
				SetLoadedEditorAssemblies (0ms)
				RefreshPlugins (1ms)
				BeforeProcessingInitializeOnLoad (48ms)
				ProcessInitializeOnLoadAttributes (192ms)
				ProcessInitializeOnLoadMethodAttributes (18ms)
				AfterProcessingInitializeOnLoad (4ms)
				EditorAssembliesLoaded (0ms)
			ExecutionOrderSort2 (0ms)
			AwakeInstancesAfterBackupRestoration (4ms)
Platform modules already initialized, skipping
Refreshing native plugins compatible for Editor in 1.91 ms, found 3 plugins.
Preloading 0 native plugins for Editor in 0.00 ms.
Unloading 4224 Unused Serialized files (Serialized files now loaded: 0)
Unloading 20 unused Assets / (61.5 KB). Loaded Objects now: 4755.
Memory consumption went from 151.4 MB to 151.3 MB.
Total: 3.296300 ms (FindLiveObjects: 0.314700 ms CreateObjectMapping: 0.109800 ms MarkObjects: 2.776600 ms  DeleteObjects: 0.093600 ms)

AssetImportParameters requested are different than current active one (requested -> active):
  custom:video-decoder-ogg-theora: a1e56fd34408186e4bbccfd4996cb3dc -> 
  custom:container-muxer-webm: aa71ff27fc2769a1b78a27578f13a17b -> 
  custom:container-demuxer-webm: 4f35f7cbe854078d1ac9338744f61a02 -> 
  custom:video-encoder-webm-vp8: eb34c28f22e8b96e1ab97ce403110664 -> 
  custom:video-codec-MediaFoundation-h265: 746d11721c4dcdbdad8f713fa42b33f4 -> 
  custom:audio-encoder-webm-vorbis: bf7c407c2cedff20999df2af8eb42d56 -> 
  custom:framework-win-MediaFoundation: 216162199b28c13a410421893ffa2e32 -> 
  custom:container-demuxer-ogg: 62fdf1f143b41e24485cea50d1cbac27 -> 
  custom:video-decoder-webm-vp8: 9c59270c3fd7afecdb556c50c9e8de78 -> 
  custom:audio-decoder-ogg-vorbis: bf7c407c2cedff20999df2af8eb42d56 -> 
========================================================================
Received Import Request.
  Time since last request: 3287374.075773 seconds.
  path: Assets/Resources/DarkSecrets/Flags/AS-2.psd
  artifactKey: Guid(6b5dc849c59ba094d9f9b20e54058270) Importer(815301076,1909f56bfc062723c751e8b465ee728b)
Start importing Assets/Resources/DarkSecrets/Flags/AS-2.psd using Guid(6b5dc849c59ba094d9f9b20e54058270) Importer(815301076,1909f56bfc062723c751e8b465ee728b)  -> (artifact id: '7ef8961e73367dd41fd6c09af5a2b583') in 0.115351 seconds 
========================================================================
Received Import Request.
  Time since last request: 0.000026 seconds.
  path: Assets/Resources/DarkSecrets/Flags/VALK.psd
  artifactKey: Guid(d33b2d6c2ba39404a901ab5df16f0a91) Importer(815301076,1909f56bfc062723c751e8b465ee728b)
Start importing Assets/Resources/DarkSecrets/Flags/VALK.psd using Guid(d33b2d6c2ba39404a901ab5df16f0a91) Importer(815301076,1909f56bfc062723c751e8b465ee728b)  -> (artifact id: 'f4f6b7ee0fb5d9a4e60556cc3564d1b6') in 0.025035 seconds 
========================================================================
Received Import Request.
  Time since last request: 0.000025 seconds.
  path: Assets/Resources/DarkSecrets/Flags/FO-3.psd
  artifactKey: Guid(6b4ab079c12c9a94da52fe9e8cbb5e3f) Importer(815301076,1909f56bfc062723c751e8b465ee728b)
Start importing Assets/Resources/DarkSecrets/Flags/FO-3.psd using Guid(6b4ab079c12c9a94da52fe9e8cbb5e3f) Importer(815301076,1909f56bfc062723c751e8b465ee728b)  -> (artifact id: '0a66011d82c12a87c678be7381a1cbe5') in 0.021640 seconds 
========================================================================
Received Import Request.
  Time since last request: 0.000030 seconds.
  path: Assets/Resources/DarkSecrets/Flags/FO-2.psd
  artifactKey: Guid(bd48e269f7b2ef14e9d2940360de97ae) Importer(815301076,1909f56bfc062723c751e8b465ee728b)
Start importing Assets/Resources/DarkSecrets/Flags/FO-2.psd using Guid(bd48e269f7b2ef14e9d2940360de97ae) Importer(815301076,1909f56bfc062723c751e8b465ee728b)  -> (artifact id: '84bd1c4b3640c3d33661b885646d5978') in 0.021187 seconds 
========================================================================
Received Import Request.
  Time since last request: 0.000029 seconds.
  path: Assets/Resources/DarkSecrets/Flags/CHA-2.psd
  artifactKey: Guid(9486825680c02a14e9e11849daf0c6a1) Importer(815301076,1909f56bfc062723c751e8b465ee728b)
Start importing Assets/Resources/DarkSecrets/Flags/CHA-2.psd using Guid(9486825680c02a14e9e11849daf0c6a1) Importer(815301076,1909f56bfc062723c751e8b465ee728b)  -> (artifact id: 'a9ec85e259ca22be2a78566035120ba0') in 0.023644 seconds 
========================================================================
Received Import Request.
  Time since last request: 0.000044 seconds.
  path: Assets/Resources/DarkSecrets/Flags/FO-4.psd
  artifactKey: Guid(4a5eb8496a3a49d47a627c6b39e6bd85) Importer(815301076,1909f56bfc062723c751e8b465ee728b)
Start importing Assets/Resources/DarkSecrets/Flags/FO-4.psd using Guid(4a5eb8496a3a49d47a627c6b39e6bd85) Importer(815301076,1909f56bfc062723c751e8b465ee728b)  -> (artifact id: '01740dcbe54e1c23246d19196b469a09') in 0.020889 seconds 
========================================================================
Received Import Request.
  Time since last request: 0.000033 seconds.
  path: Assets/Resources/DarkSecrets/Flags/MC.psd
  artifactKey: Guid(40399f495184e3648bb5f3ff77c0138f) Importer(815301076,1909f56bfc062723c751e8b465ee728b)
Start importing Assets/Resources/DarkSecrets/Flags/MC.psd using Guid(40399f495184e3648bb5f3ff77c0138f) Importer(815301076,1909f56bfc062723c751e8b465ee728b)  -> (artifact id: '96aa4f4069364f50572629e45a5d03a3') in 0.021257 seconds 
========================================================================
Received Import Request.
  Time since last request: 0.000021 seconds.
  path: Assets/Resources/DarkSecrets/Flags/OG.psd
  artifactKey: Guid(08ec9c76263bed243be7fefff8dcd1a7) Importer(815301076,1909f56bfc062723c751e8b465ee728b)
Start importing Assets/Resources/DarkSecrets/Flags/OG.psd using Guid(08ec9c76263bed243be7fefff8dcd1a7) Importer(815301076,1909f56bfc062723c751e8b465ee728b)  -> (artifact id: 'b149929cd03367c4f5d56c092ded741b') in 0.020445 seconds 
========================================================================
Received Import Request.
  Time since last request: 0.000021 seconds.
  path: Assets/Resources/DarkSecrets/Flags/LA.psd
  artifactKey: Guid(82ce6031b7637954dbd14fd150965242) Importer(815301076,1909f56bfc062723c751e8b465ee728b)
Start importing Assets/Resources/DarkSecrets/Flags/LA.psd using Guid(82ce6031b7637954dbd14fd150965242) Importer(815301076,1909f56bfc062723c751e8b465ee728b)  -> (artifact id: '1c123a885d0670639d465fe8a7fb9ffa') in 0.014386 seconds 
========================================================================
Received Import Request.
  Time since last request: 0.000020 seconds.
  path: Assets/Resources/DarkSecrets/Flags/GC.psd
  artifactKey: Guid(330bcb4cf15a1a24b9f41725ef618e4b) Importer(815301076,1909f56bfc062723c751e8b465ee728b)
Start importing Assets/Resources/DarkSecrets/Flags/GC.psd using Guid(330bcb4cf15a1a24b9f41725ef618e4b) Importer(815301076,1909f56bfc062723c751e8b465ee728b)  -> (artifact id: '35b7585bfeec27d91c938b14a49f559c') in 0.017928 seconds 
========================================================================
Received Import Request.
  Time since last request: 0.000028 seconds.
  path: Assets/Resources/DarkSecrets/Flags/FO-1.psd
  artifactKey: Guid(ff336d99bbb33f141986958c02f5b283) Importer(815301076,1909f56bfc062723c751e8b465ee728b)
Start importing Assets/Resources/DarkSecrets/Flags/FO-1.psd using Guid(ff336d99bbb33f141986958c02f5b283) Importer(815301076,1909f56bfc062723c751e8b465ee728b)  -> (artifact id: '4f0efcc383739af8c5742449e6007a41') in 0.014606 seconds 
========================================================================
Received Import Request.
  Time since last request: 0.000033 seconds.
  path: Assets/Resources/DarkSecrets/Flags/EX.psd
  artifactKey: Guid(0600b479f69155a419d1de03bec6dc04) Importer(815301076,1909f56bfc062723c751e8b465ee728b)
Start importing Assets/Resources/DarkSecrets/Flags/EX.psd using Guid(0600b479f69155a419d1de03bec6dc04) Importer(815301076,1909f56bfc062723c751e8b465ee728b)  -> (artifact id: 'a18b485efed058def1f3e6f767125201') in 0.014267 seconds 
========================================================================
Received Import Request.
  Time since last request: 0.000022 seconds.
  path: Assets/Resources/DarkSecrets/Flags/EN.psd
  artifactKey: Guid(8a3bec0b8e8d0e44ca2c1430d295fea7) Importer(815301076,1909f56bfc062723c751e8b465ee728b)
Start importing Assets/Resources/DarkSecrets/Flags/EN.psd using Guid(8a3bec0b8e8d0e44ca2c1430d295fea7) Importer(815301076,1909f56bfc062723c751e8b465ee728b)  -> (artifact id: '57a88a6bdcc5eed18dcd36b27190a062') in 0.025402 seconds 
========================================================================
Received Import Request.
  Time since last request: 0.000031 seconds.
  path: Assets/Resources/DarkSecrets/Flags/CR.psd
  artifactKey: Guid(34f7ddf2f41237c4f84bdf4bab27fa23) Importer(815301076,1909f56bfc062723c751e8b465ee728b)
Start importing Assets/Resources/DarkSecrets/Flags/CR.psd using Guid(34f7ddf2f41237c4f84bdf4bab27fa23) Importer(815301076,1909f56bfc062723c751e8b465ee728b)  -> (artifact id: '8f600c9446362d101c6ad7c7b452481a') in 0.015155 seconds 
========================================================================
Received Import Request.
  Time since last request: 0.000044 seconds.
  path: Assets/Resources/DarkSecrets/Flags/ENA.psd
  artifactKey: Guid(7554bcc827906f242b3b7cc2682b1f7c) Importer(815301076,1909f56bfc062723c751e8b465ee728b)
Start importing Assets/Resources/DarkSecrets/Flags/ENA.psd using Guid(7554bcc827906f242b3b7cc2682b1f7c) Importer(815301076,1909f56bfc062723c751e8b465ee728b)  -> (artifact id: 'c4ab380456f11beb150c0c90cce98b68') in 0.014659 seconds 
========================================================================
Received Import Request.
  Time since last request: 0.000023 seconds.
  path: Assets/Resources/DarkSecrets/Flags/SR.psd
  artifactKey: Guid(8d3a80d1c840dfc46974ca971f494788) Importer(815301076,1909f56bfc062723c751e8b465ee728b)
Start importing Assets/Resources/DarkSecrets/Flags/SR.psd using Guid(8d3a80d1c840dfc46974ca971f494788) Importer(815301076,1909f56bfc062723c751e8b465ee728b)  -> (artifact id: '46e8e5375867eef121cbc1a963073dc8') in 0.016357 seconds 
========================================================================
Received Import Request.
  Time since last request: 0.000028 seconds.
  path: Assets/Resources/DarkSecrets/Flags/CHA-1.psd
  artifactKey: Guid(8c47929f9ef063a4fb68580029f96f5b) Importer(815301076,1909f56bfc062723c751e8b465ee728b)
Start importing Assets/Resources/DarkSecrets/Flags/CHA-1.psd using Guid(8c47929f9ef063a4fb68580029f96f5b) Importer(815301076,1909f56bfc062723c751e8b465ee728b)  -> (artifact id: '790a4b0a66de7c6dddb774c7f36a0674') in 0.013473 seconds 
========================================================================
Received Import Request.
  Time since last request: 21.753938 seconds.
  path: Assets/Resources/DarkSecrets/Icons/Barbaro.png
  artifactKey: Guid(4d94fd7615dced347bda7fab5d026ea0) Importer(815301076,1909f56bfc062723c751e8b465ee728b)
Start importing Assets/Resources/DarkSecrets/Icons/Barbaro.png using Guid(4d94fd7615dced347bda7fab5d026ea0) Importer(815301076,1909f56bfc062723c751e8b465ee728b)  -> (artifact id: 'b2e91a0d05b7cd33db02a14d7ce0a271') in 0.024880 seconds 
========================================================================
Received Import Request.
  Time since last request: 0.000038 seconds.
  path: Assets/Resources/DarkSecrets/Icons/Caballero bretoniano.png
  artifactKey: Guid(75124220e209a0241b6e06372e785228) Importer(815301076,1909f56bfc062723c751e8b465ee728b)
Start importing Assets/Resources/DarkSecrets/Icons/Caballero bretoniano.png using Guid(75124220e209a0241b6e06372e785228) Importer(815301076,1909f56bfc062723c751e8b465ee728b)  -> (artifact id: '2896059883253bdde6c2c279c19e1734') in 0.015083 seconds 
========================================================================
Received Import Request.
  Time since last request: 0.000035 seconds.
  path: Assets/Resources/DarkSecrets/Icons/Samurai ronin.png
  artifactKey: Guid(54a9574e573eec24b885a2f40da70d6d) Importer(815301076,1909f56bfc062723c751e8b465ee728b)
Start importing Assets/Resources/DarkSecrets/Icons/Samurai ronin.png using Guid(54a9574e573eec24b885a2f40da70d6d) Importer(815301076,1909f56bfc062723c751e8b465ee728b)  -> (artifact id: 'e371c113c290783e6c3a06604f59f24d') in 0.017344 seconds 
========================================================================
Received Import Request.
  Time since last request: 0.000022 seconds.
  path: Assets/Resources/DarkSecrets/Icons/cazarrecompensas.png
  artifactKey: Guid(1cfa168cc8547d641adb2a0483fce43e) Importer(815301076,1909f56bfc062723c751e8b465ee728b)
Start importing Assets/Resources/DarkSecrets/Icons/cazarrecompensas.png using Guid(1cfa168cc8547d641adb2a0483fce43e) Importer(815301076,1909f56bfc062723c751e8b465ee728b)  -> (artifact id: '2b88aefadd2457768b869b5042860151') in 0.013730 seconds 
========================================================================
Received Import Request.
  Time since last request: 0.000080 seconds.
  path: Assets/Resources/DarkSecrets/Icons/Noble imperial.png
  artifactKey: Guid(4c5be05b7ef44a142a6869f1495ac131) Importer(815301076,1909f56bfc062723c751e8b465ee728b)
Start importing Assets/Resources/DarkSecrets/Icons/Noble imperial.png using Guid(4c5be05b7ef44a142a6869f1495ac131) Importer(815301076,1909f56bfc062723c751e8b465ee728b)  -> (artifact id: '4c12fd83da7e65c9ea3625a3e11567ca') in 0.016757 seconds 
========================================================================
Received Import Request.
  Time since last request: 0.000027 seconds.
  path: Assets/Resources/DarkSecrets/Icons/Hermana de sigmar.png
  artifactKey: Guid(6b1eff14b30bf4b44962579009f45873) Importer(815301076,1909f56bfc062723c751e8b465ee728b)
Start importing Assets/Resources/DarkSecrets/Icons/Hermana de sigmar.png using Guid(6b1eff14b30bf4b44962579009f45873) Importer(815301076,1909f56bfc062723c751e8b465ee728b)  -> (artifact id: '1f399984f6fb011f7e54d8f7ea3033e7') in 0.015081 seconds 
========================================================================
Received Import Request.
  Time since last request: 0.000023 seconds.
  path: Assets/Resources/DarkSecrets/Icons/druida de albion.png
  artifactKey: Guid(151e5f35af108774bb6de868e2110458) Importer(815301076,1909f56bfc062723c751e8b465ee728b)
Start importing Assets/Resources/DarkSecrets/Icons/druida de albion.png using Guid(151e5f35af108774bb6de868e2110458) Importer(815301076,1909f56bfc062723c751e8b465ee728b)  -> (artifact id: '3bed9b3c1a6da65271dbe2fabda20587') in 0.015800 seconds 
========================================================================
Received Import Request.
  Time since last request: 0.000038 seconds.
  path: Assets/Resources/DarkSecrets/Icons/Valkiria.png
  artifactKey: Guid(b269a9ca9fde40d4cb5e6fb90805ea68) Importer(815301076,1909f56bfc062723c751e8b465ee728b)
Start importing Assets/Resources/DarkSecrets/Icons/Valkiria.png using Guid(b269a9ca9fde40d4cb5e6fb90805ea68) Importer(815301076,1909f56bfc062723c751e8b465ee728b)  -> (artifact id: '572a1ef12786c0e1029e33662fd61eaf') in 0.015232 seconds 
========================================================================
Received Import Request.
  Time since last request: 0.000025 seconds.
  path: Assets/Resources/DarkSecrets/Icons/Sacerdote guerrero.png
  artifactKey: Guid(8987b4e982592694cb738e2856e3dccf) Importer(815301076,1909f56bfc062723c751e8b465ee728b)
Start importing Assets/Resources/DarkSecrets/Icons/Sacerdote guerrero.png using Guid(8987b4e982592694cb738e2856e3dccf) Importer(815301076,1909f56bfc062723c751e8b465ee728b)  -> (artifact id: '089d615dd079792834af3839c809bedf') in 0.011228 seconds 
========================================================================
Received Import Request.
  Time since last request: 0.000022 seconds.
  path: Assets/Resources/DarkSecrets/Icons/Enana.png
  artifactKey: Guid(b369a6743f147b748a1707783dc25475) Importer(815301076,1909f56bfc062723c751e8b465ee728b)
Start importing Assets/Resources/DarkSecrets/Icons/Enana.png using Guid(b369a6743f147b748a1707783dc25475) Importer(815301076,1909f56bfc062723c751e8b465ee728b)  -> (artifact id: '6a03113bf99d3ece5b55de2e1add9d43') in 0.009216 seconds 
========================================================================
Received Import Request.
  Time since last request: 27.821638 seconds.
  path: Assets/Resources/DarkSecrets/Flags/EN.psd
  artifactKey: Guid(8a3bec0b8e8d0e44ca2c1430d295fea7) Importer(815301076,1909f56bfc062723c751e8b465ee728b)
Start importing Assets/Resources/DarkSecrets/Flags/EN.psd using Guid(8a3bec0b8e8d0e44ca2c1430d295fea7) Importer(815301076,1909f56bfc062723c751e8b465ee728b)  -> (artifact id: '9f721d545839944c22c65ac865f68e33') in 0.055898 seconds 
========================================================================
Received Import Request.
  Time since last request: 0.000017 seconds.
  path: Assets/Resources/DarkSecrets/Flags/VALK.psd
  artifactKey: Guid(d33b2d6c2ba39404a901ab5df16f0a91) Importer(815301076,1909f56bfc062723c751e8b465ee728b)
Start importing Assets/Resources/DarkSecrets/Flags/VALK.psd using Guid(d33b2d6c2ba39404a901ab5df16f0a91) Importer(815301076,1909f56bfc062723c751e8b465ee728b)  -> (artifact id: 'b724a7fca40d5a9a5814a71c9205c5a5') in 0.030897 seconds 
========================================================================
Received Import Request.
  Time since last request: 0.000023 seconds.
  path: Assets/Resources/DarkSecrets/Flags/LM.psd
  artifactKey: Guid(6f9f43a24d05a70459dbf7d289cb5f78) Importer(815301076,1909f56bfc062723c751e8b465ee728b)
Start importing Assets/Resources/DarkSecrets/Flags/LM.psd using Guid(6f9f43a24d05a70459dbf7d289cb5f78) Importer(815301076,1909f56bfc062723c751e8b465ee728b)  -> (artifact id: '40c34bd3a0ffa5a5f4bdb4290225d09d') in 0.044151 seconds 
========================================================================
Received Import Request.
  Time since last request: 0.000023 seconds.
  path: Assets/Resources/DarkSecrets/Flags/NO-1.psd
  artifactKey: Guid(c34301af1ceffbc44ba0e9f6fe8aad5c) Importer(815301076,1909f56bfc062723c751e8b465ee728b)
Start importing Assets/Resources/DarkSecrets/Flags/NO-1.psd using Guid(c34301af1ceffbc44ba0e9f6fe8aad5c) Importer(815301076,1909f56bfc062723c751e8b465ee728b)  -> (artifact id: '7bdbf97ff9aab1321579b745d3d8fad4') in 0.020207 seconds 
========================================================================
Received Import Request.
  Time since last request: 0.000044 seconds.
  path: Assets/Resources/DarkSecrets/Flags/HS.psd
  artifactKey: Guid(68cb92a52b65c6f4fbddf7f628580aa1) Importer(815301076,1909f56bfc062723c751e8b465ee728b)
Start importing Assets/Resources/DarkSecrets/Flags/HS.psd using Guid(68cb92a52b65c6f4fbddf7f628580aa1) Importer(815301076,1909f56bfc062723c751e8b465ee728b)  -> (artifact id: 'a72ea3c563cb61a529b01c56d6c08fcf') in 0.018228 seconds 
========================================================================
Received Import Request.
  Time since last request: 0.000026 seconds.
  path: Assets/Resources/DarkSecrets/Flags/FO-1.psd
  artifactKey: Guid(ff336d99bbb33f141986958c02f5b283) Importer(815301076,1909f56bfc062723c751e8b465ee728b)
Start importing Assets/Resources/DarkSecrets/Flags/FO-1.psd using Guid(ff336d99bbb33f141986958c02f5b283) Importer(815301076,1909f56bfc062723c751e8b465ee728b)  -> (artifact id: '63d3a0dd09883e47abbab7e9e1745c55') in 0.017300 seconds 
========================================================================
Received Import Request.
  Time since last request: 0.000021 seconds.
  path: Assets/Resources/DarkSecrets/Flags/HL.psd
  artifactKey: Guid(bd1eee13f1042fb479ee2bdc84c6698a) Importer(815301076,1909f56bfc062723c751e8b465ee728b)
Start importing Assets/Resources/DarkSecrets/Flags/HL.psd using Guid(bd1eee13f1042fb479ee2bdc84c6698a) Importer(815301076,1909f56bfc062723c751e8b465ee728b)  -> (artifact id: '08bf2f435bad13ab06cd2d1408b7f317') in 0.018363 seconds 
========================================================================
Received Import Request.
  Time since last request: 0.000017 seconds.
  path: Assets/Resources/DarkSecrets/Flags/ENA.psd
  artifactKey: Guid(7554bcc827906f242b3b7cc2682b1f7c) Importer(815301076,1909f56bfc062723c751e8b465ee728b)
Start importing Assets/Resources/DarkSecrets/Flags/ENA.psd using Guid(7554bcc827906f242b3b7cc2682b1f7c) Importer(815301076,1909f56bfc062723c751e8b465ee728b)  -> (artifact id: '5ee0b570f1292eef39aace5368ac53a7') in 0.014607 seconds 
========================================================================
Received Import Request.
  Time since last request: 0.645084 seconds.
  path: Assets/Resources/DarkSecrets/Flags/BA.psd
  artifactKey: Guid(4387d22c766f9f04d85c5f2309ce60c7) Importer(815301076,1909f56bfc062723c751e8b465ee728b)
Start importing Assets/Resources/DarkSecrets/Flags/BA.psd using Guid(4387d22c766f9f04d85c5f2309ce60c7) Importer(815301076,1909f56bfc062723c751e8b465ee728b)  -> (artifact id: '93a1ed5fb5c59e613bfc5869335ce424') in 0.020004 seconds 
========================================================================
Received Import Request.
  Time since last request: 0.000020 seconds.
  path: Assets/Resources/DarkSecrets/Flags/BB.psd
  artifactKey: Guid(aaa59b8d692e2f64295428f026c663eb) Importer(815301076,1909f56bfc062723c751e8b465ee728b)
Start importing Assets/Resources/DarkSecrets/Flags/BB.psd using Guid(aaa59b8d692e2f64295428f026c663eb) Importer(815301076,1909f56bfc062723c751e8b465ee728b)  -> (artifact id: '91623cd2ad6e363a990ed3541e03ba8e') in 0.018565 seconds 
========================================================================
Received Import Request.
  Time since last request: 0.000029 seconds.
  path: Assets/Resources/DarkSecrets/Flags/BG.psd
  artifactKey: Guid(646ea31a0a84a2249a8023ec44b64a45) Importer(815301076,1909f56bfc062723c751e8b465ee728b)
Start importing Assets/Resources/DarkSecrets/Flags/BG.psd using Guid(646ea31a0a84a2249a8023ec44b64a45) Importer(815301076,1909f56bfc062723c751e8b465ee728b)  -> (artifact id: 'b86e97010a4b747fba9f763f61d005ff') in 0.020859 seconds 
========================================================================
Received Import Request.
  Time since last request: 0.000024 seconds.
  path: Assets/Resources/DarkSecrets/Flags/CHA-1.psd
  artifactKey: Guid(8c47929f9ef063a4fb68580029f96f5b) Importer(815301076,1909f56bfc062723c751e8b465ee728b)
Start importing Assets/Resources/DarkSecrets/Flags/CHA-1.psd using Guid(8c47929f9ef063a4fb68580029f96f5b) Importer(815301076,1909f56bfc062723c751e8b465ee728b)  -> (artifact id: '018f8802682eae45ca4429f2dbe4cf5b') in 0.013901 seconds 
========================================================================
Received Prepare
Registering precompiled user dll's ...
Registered in 0.004104 seconds.
Begin MonoManager ReloadAssembly
Symbol file LoadedFromMemory doesn't match image C:\Users\tipex\Desktop\Pabloquest\Library\PackageCache\com.unity.visualscripting@1.7.8\Editor\VisualScripting.Core\Dependencies\YamlDotNet\Unity.VisualScripting.YamlDotNet.dll
Symbol file LoadedFromMemory doesn't match image C:\Users\tipex\Desktop\Pabloquest\Library\PackageCache\com.unity.visualscripting@1.7.8\Editor\VisualScripting.Core\Dependencies\DotNetZip\Unity.VisualScripting.IonicZip.dll
Native extension for UWP target not found
Native extension for LinuxStandalone target not found
Native extension for WindowsStandalone target not found
Native extension for AppleTV target not found
Native extension for iOS target not found
Native extension for Android target not found
Native extension for OSXStandalone target not found
Native extension for WebGL target not found
Refreshing native plugins compatible for Editor in 0.96 ms, found 3 plugins.
Preloading 0 native plugins for Editor in 0.00 ms.
Mono: successfully reloaded assembly
- Completed reload, in  1.122 seconds
Domain Reload Profiling:
	ReloadAssembly (1122ms)
		BeginReloadAssembly (129ms)
			ExecutionOrderSort (0ms)
			DisableScriptedObjects (3ms)
			BackupInstance (0ms)
			ReleaseScriptingObjects (0ms)
			CreateAndSetChildDomain (46ms)
		EndReloadAssembly (887ms)
			LoadAssemblies (82ms)
			RebuildTransferFunctionScriptingTraits (0ms)
			SetupTypeCache (294ms)
			ReleaseScriptCaches (2ms)
			RebuildScriptCaches (44ms)
			SetupLoadedEditorAssemblies (426ms)
				LogAssemblyErrors (0ms)
				InitializePlatformSupportModulesInManaged (40ms)
				SetLoadedEditorAssemblies (1ms)
				RefreshPlugins (1ms)
				BeforeProcessingInitializeOnLoad (74ms)
				ProcessInitializeOnLoadAttributes (280ms)
				ProcessInitializeOnLoadMethodAttributes (25ms)
				AfterProcessingInitializeOnLoad (5ms)
				EditorAssembliesLoaded (0ms)
			ExecutionOrderSort2 (0ms)
			AwakeInstancesAfterBackupRestoration (5ms)
Platform modules already initialized, skipping
Refreshing native plugins compatible for Editor in 1.51 ms, found 3 plugins.
Preloading 0 native plugins for Editor in 0.00 ms.
Unloading 4224 Unused Serialized files (Serialized files now loaded: 0)
Unloading 20 unused Assets / (83.9 KB). Loaded Objects now: 4761.
Memory consumption went from 151.5 MB to 151.4 MB.
Total: 2.931800 ms (FindLiveObjects: 0.277800 ms CreateObjectMapping: 0.107400 ms MarkObjects: 2.454600 ms  DeleteObjects: 0.091100 ms)

AssetImportParameters requested are different than current active one (requested -> active):
  custom:video-decoder-ogg-theora: a1e56fd34408186e4bbccfd4996cb3dc -> 
  custom:container-muxer-webm: aa71ff27fc2769a1b78a27578f13a17b -> 
  custom:container-demuxer-webm: 4f35f7cbe854078d1ac9338744f61a02 -> 
  custom:video-encoder-webm-vp8: eb34c28f22e8b96e1ab97ce403110664 -> 
  custom:video-codec-MediaFoundation-h265: 746d11721c4dcdbdad8f713fa42b33f4 -> 
  custom:audio-encoder-webm-vorbis: bf7c407c2cedff20999df2af8eb42d56 -> 
  custom:framework-win-MediaFoundation: 216162199b28c13a410421893ffa2e32 -> 
  custom:container-demuxer-ogg: 62fdf1f143b41e24485cea50d1cbac27 -> 
  custom:video-decoder-webm-vp8: 9c59270c3fd7afecdb556c50c9e8de78 -> 
  custom:audio-decoder-ogg-vorbis: bf7c407c2cedff20999df2af8eb42d56 -> 
========================================================================
Received Prepare
Registering precompiled user dll's ...
Registered in 0.003401 seconds.
Begin MonoManager ReloadAssembly
Symbol file LoadedFromMemory doesn't match image C:\Users\tipex\Desktop\Pabloquest\Library\PackageCache\com.unity.visualscripting@1.7.8\Editor\VisualScripting.Core\Dependencies\YamlDotNet\Unity.VisualScripting.YamlDotNet.dll
Symbol file LoadedFromMemory doesn't match image C:\Users\tipex\Desktop\Pabloquest\Library\PackageCache\com.unity.visualscripting@1.7.8\Editor\VisualScripting.Core\Dependencies\DotNetZip\Unity.VisualScripting.IonicZip.dll
Native extension for UWP target not found
Native extension for LinuxStandalone target not found
Native extension for WindowsStandalone target not found
Native extension for AppleTV target not found
Native extension for iOS target not found
Native extension for Android target not found
Native extension for OSXStandalone target not found
Native extension for WebGL target not found
Refreshing native plugins compatible for Editor in 0.96 ms, found 3 plugins.
Preloading 0 native plugins for Editor in 0.00 ms.
Mono: successfully reloaded assembly
- Completed reload, in  1.076 seconds
Domain Reload Profiling:
	ReloadAssembly (1077ms)
		BeginReloadAssembly (106ms)
			ExecutionOrderSort (0ms)
			DisableScriptedObjects (5ms)
			BackupInstance (0ms)
			ReleaseScriptingObjects (0ms)
			CreateAndSetChildDomain (34ms)
		EndReloadAssembly (866ms)
			LoadAssemblies (61ms)
			RebuildTransferFunctionScriptingTraits (0ms)
			SetupTypeCache (275ms)
			ReleaseScriptCaches (2ms)
			RebuildScriptCaches (48ms)
			SetupLoadedEditorAssemblies (413ms)
				LogAssemblyErrors (0ms)
				InitializePlatformSupportModulesInManaged (40ms)
				SetLoadedEditorAssemblies (0ms)
				RefreshPlugins (1ms)
				BeforeProcessingInitializeOnLoad (72ms)
				ProcessInitializeOnLoadAttributes (268ms)
				ProcessInitializeOnLoadMethodAttributes (25ms)
				AfterProcessingInitializeOnLoad (6ms)
				EditorAssembliesLoaded (0ms)
			ExecutionOrderSort2 (0ms)
			AwakeInstancesAfterBackupRestoration (5ms)
Platform modules already initialized, skipping
Refreshing native plugins compatible for Editor in 1.96 ms, found 3 plugins.
Preloading 0 native plugins for Editor in 0.00 ms.
Unloading 4224 Unused Serialized files (Serialized files now loaded: 0)
Unloading 20 unused Assets / (83.9 KB). Loaded Objects now: 4764.
Memory consumption went from 151.5 MB to 151.4 MB.
Total: 2.718300 ms (FindLiveObjects: 0.228800 ms CreateObjectMapping: 0.101000 ms MarkObjects: 2.280300 ms  DeleteObjects: 0.107200 ms)

AssetImportParameters requested are different than current active one (requested -> active):
  custom:video-decoder-ogg-theora: a1e56fd34408186e4bbccfd4996cb3dc -> 
  custom:container-muxer-webm: aa71ff27fc2769a1b78a27578f13a17b -> 
  custom:container-demuxer-webm: 4f35f7cbe854078d1ac9338744f61a02 -> 
  custom:video-encoder-webm-vp8: eb34c28f22e8b96e1ab97ce403110664 -> 
  custom:video-codec-MediaFoundation-h265: 746d11721c4dcdbdad8f713fa42b33f4 -> 
  custom:audio-encoder-webm-vorbis: bf7c407c2cedff20999df2af8eb42d56 -> 
  custom:framework-win-MediaFoundation: 216162199b28c13a410421893ffa2e32 -> 
  custom:container-demuxer-ogg: 62fdf1f143b41e24485cea50d1cbac27 -> 
  custom:video-decoder-webm-vp8: 9c59270c3fd7afecdb556c50c9e8de78 -> 
  custom:audio-decoder-ogg-vorbis: bf7c407c2cedff20999df2af8eb42d56 -> 
========================================================================
Received Prepare
Registering precompiled user dll's ...
Registered in 0.004237 seconds.
Begin MonoManager ReloadAssembly
Symbol file LoadedFromMemory doesn't match image C:\Users\tipex\Desktop\Pabloquest\Library\PackageCache\com.unity.visualscripting@1.7.8\Editor\VisualScripting.Core\Dependencies\YamlDotNet\Unity.VisualScripting.YamlDotNet.dll
Symbol file LoadedFromMemory doesn't match image C:\Users\tipex\Desktop\Pabloquest\Library\PackageCache\com.unity.visualscripting@1.7.8\Editor\VisualScripting.Core\Dependencies\DotNetZip\Unity.VisualScripting.IonicZip.dll
Native extension for UWP target not found
Native extension for LinuxStandalone target not found
Native extension for WindowsStandalone target not found
Native extension for AppleTV target not found
Native extension for iOS target not found
Native extension for Android target not found
Native extension for OSXStandalone target not found
Native extension for WebGL target not found
Refreshing native plugins compatible for Editor in 0.82 ms, found 3 plugins.
Preloading 0 native plugins for Editor in 0.00 ms.
Mono: successfully reloaded assembly
- Completed reload, in  0.867 seconds
Domain Reload Profiling:
	ReloadAssembly (867ms)
		BeginReloadAssembly (108ms)
			ExecutionOrderSort (0ms)
			DisableScriptedObjects (4ms)
			BackupInstance (0ms)
			ReleaseScriptingObjects (0ms)
			CreateAndSetChildDomain (35ms)
		EndReloadAssembly (674ms)
			LoadAssemblies (66ms)
			RebuildTransferFunctionScriptingTraits (0ms)
			SetupTypeCache (220ms)
			ReleaseScriptCaches (1ms)
			RebuildScriptCaches (38ms)
			SetupLoadedEditorAssemblies (307ms)
				LogAssemblyErrors (0ms)
				InitializePlatformSupportModulesInManaged (30ms)
				SetLoadedEditorAssemblies (0ms)
				RefreshPlugins (1ms)
				BeforeProcessingInitializeOnLoad (53ms)
				ProcessInitializeOnLoadAttributes (199ms)
				ProcessInitializeOnLoadMethodAttributes (17ms)
				AfterProcessingInitializeOnLoad (6ms)
				EditorAssembliesLoaded (0ms)
			ExecutionOrderSort2 (0ms)
			AwakeInstancesAfterBackupRestoration (5ms)
Platform modules already initialized, skipping
Refreshing native plugins compatible for Editor in 1.59 ms, found 3 plugins.
Preloading 0 native plugins for Editor in 0.00 ms.
Unloading 4224 Unused Serialized files (Serialized files now loaded: 0)
Unloading 20 unused Assets / (83.9 KB). Loaded Objects now: 4767.
Memory consumption went from 151.5 MB to 151.4 MB.
Total: 2.762500 ms (FindLiveObjects: 0.208300 ms CreateObjectMapping: 0.094100 ms MarkObjects: 2.387900 ms  DeleteObjects: 0.071700 ms)

AssetImportParameters requested are different than current active one (requested -> active):
  custom:video-decoder-ogg-theora: a1e56fd34408186e4bbccfd4996cb3dc -> 
  custom:container-muxer-webm: aa71ff27fc2769a1b78a27578f13a17b -> 
  custom:container-demuxer-webm: 4f35f7cbe854078d1ac9338744f61a02 -> 
  custom:video-encoder-webm-vp8: eb34c28f22e8b96e1ab97ce403110664 -> 
  custom:video-codec-MediaFoundation-h265: 746d11721c4dcdbdad8f713fa42b33f4 -> 
  custom:audio-encoder-webm-vorbis: bf7c407c2cedff20999df2af8eb42d56 -> 
  custom:framework-win-MediaFoundation: 216162199b28c13a410421893ffa2e32 -> 
  custom:container-demuxer-ogg: 62fdf1f143b41e24485cea50d1cbac27 -> 
  custom:video-decoder-webm-vp8: 9c59270c3fd7afecdb556c50c9e8de78 -> 
  custom:audio-decoder-ogg-vorbis: bf7c407c2cedff20999df2af8eb42d56 -> 
========================================================================
Received Prepare
Registering precompiled user dll's ...
Registered in 0.003453 seconds.
Begin MonoManager ReloadAssembly
Symbol file LoadedFromMemory doesn't match image C:\Users\tipex\Desktop\Pabloquest\Library\PackageCache\com.unity.visualscripting@1.7.8\Editor\VisualScripting.Core\Dependencies\YamlDotNet\Unity.VisualScripting.YamlDotNet.dll
Symbol file LoadedFromMemory doesn't match image C:\Users\tipex\Desktop\Pabloquest\Library\PackageCache\com.unity.visualscripting@1.7.8\Editor\VisualScripting.Core\Dependencies\DotNetZip\Unity.VisualScripting.IonicZip.dll
Native extension for UWP target not found
Native extension for LinuxStandalone target not found
Native extension for WindowsStandalone target not found
Native extension for AppleTV target not found
Native extension for iOS target not found
Native extension for Android target not found
Native extension for OSXStandalone target not found
Native extension for WebGL target not found
Refreshing native plugins compatible for Editor in 0.67 ms, found 3 plugins.
Preloading 0 native plugins for Editor in 0.00 ms.
Mono: successfully reloaded assembly
- Completed reload, in  0.806 seconds
Domain Reload Profiling:
	ReloadAssembly (806ms)
		BeginReloadAssembly (98ms)
			ExecutionOrderSort (0ms)
			DisableScriptedObjects (4ms)
			BackupInstance (0ms)
			ReleaseScriptingObjects (0ms)
			CreateAndSetChildDomain (30ms)
		EndReloadAssembly (638ms)
			LoadAssemblies (60ms)
			RebuildTransferFunctionScriptingTraits (0ms)
			SetupTypeCache (218ms)
			ReleaseScriptCaches (2ms)
			RebuildScriptCaches (40ms)
			SetupLoadedEditorAssemblies (274ms)
				LogAssemblyErrors (0ms)
				InitializePlatformSupportModulesInManaged (27ms)
				SetLoadedEditorAssemblies (0ms)
				RefreshPlugins (1ms)
				BeforeProcessingInitializeOnLoad (50ms)
				ProcessInitializeOnLoadAttributes (176ms)
				ProcessInitializeOnLoadMethodAttributes (17ms)
				AfterProcessingInitializeOnLoad (4ms)
				EditorAssembliesLoaded (0ms)
			ExecutionOrderSort2 (0ms)
			AwakeInstancesAfterBackupRestoration (4ms)
Platform modules already initialized, skipping
Refreshing native plugins compatible for Editor in 1.78 ms, found 3 plugins.
Preloading 0 native plugins for Editor in 0.00 ms.
Unloading 4224 Unused Serialized files (Serialized files now loaded: 0)
Unloading 20 unused Assets / (84.0 KB). Loaded Objects now: 4770.
Memory consumption went from 151.5 MB to 151.4 MB.
Total: 2.891600 ms (FindLiveObjects: 0.318900 ms CreateObjectMapping: 0.112800 ms MarkObjects: 2.368600 ms  DeleteObjects: 0.090500 ms)

AssetImportParameters requested are different than current active one (requested -> active):
  custom:video-decoder-ogg-theora: a1e56fd34408186e4bbccfd4996cb3dc -> 
  custom:container-muxer-webm: aa71ff27fc2769a1b78a27578f13a17b -> 
  custom:container-demuxer-webm: 4f35f7cbe854078d1ac9338744f61a02 -> 
  custom:video-encoder-webm-vp8: eb34c28f22e8b96e1ab97ce403110664 -> 
  custom:video-codec-MediaFoundation-h265: 746d11721c4dcdbdad8f713fa42b33f4 -> 
  custom:audio-encoder-webm-vorbis: bf7c407c2cedff20999df2af8eb42d56 -> 
  custom:framework-win-MediaFoundation: 216162199b28c13a410421893ffa2e32 -> 
  custom:container-demuxer-ogg: 62fdf1f143b41e24485cea50d1cbac27 -> 
  custom:video-decoder-webm-vp8: 9c59270c3fd7afecdb556c50c9e8de78 -> 
  custom:audio-decoder-ogg-vorbis: bf7c407c2cedff20999df2af8eb42d56 -> 
========================================================================
Received Import Request.
  Time since last request: 58333.623263 seconds.
  path: Assets/Prefabs/Map/Mask_City.prefab
  artifactKey: Guid(503d456be68ed7a4bb61493c544c9638) Importer(815301076,1909f56bfc062723c751e8b465ee728b)
Start importing Assets/Prefabs/Map/Mask_City.prefab using Guid(503d456be68ed7a4bb61493c544c9638) Importer(815301076,1909f56bfc062723c751e8b465ee728b)  -> (artifact id: 'f382d4c4ce28f6dfa3e4216fc1a08cd1') in 0.183215 seconds 
========================================================================
Received Import Request.
  Time since last request: 0.000025 seconds.
  path: Assets/Prefabs/Map/Mask_DwarfVillage.prefab
  artifactKey: Guid(e6786b6797bf54642928e506d71a0c16) Importer(815301076,1909f56bfc062723c751e8b465ee728b)
Start importing Assets/Prefabs/Map/Mask_DwarfVillage.prefab using Guid(e6786b6797bf54642928e506d71a0c16) Importer(815301076,1909f56bfc062723c751e8b465ee728b)  -> (artifact id: 'c50e758eadeff34b0d1686f7a8a1fda2') in 0.073394 seconds 
========================================================================
Received Import Request.
  Time since last request: 0.000031 seconds.
  path: Assets/Prefabs/Map/Mask_DwarfCity.prefab
  artifactKey: Guid(cca283ba4aaec014a8e868ac7173aeec) Importer(815301076,1909f56bfc062723c751e8b465ee728b)
Start importing Assets/Prefabs/Map/Mask_DwarfCity.prefab using Guid(cca283ba4aaec014a8e868ac7173aeec) Importer(815301076,1909f56bfc062723c751e8b465ee728b)  -> (artifact id: '92bf9dd1c4e0d0cc4a39e0073daf221a') in 0.068725 seconds 
========================================================================
Received Import Request.
  Time since last request: 0.000024 seconds.
  path: Assets/Prefabs/Map/Mask_Seaport.prefab
  artifactKey: Guid(d8d26a95e3381d74494ac5d0d7a34134) Importer(815301076,1909f56bfc062723c751e8b465ee728b)
Start importing Assets/Prefabs/Map/Mask_Seaport.prefab using Guid(d8d26a95e3381d74494ac5d0d7a34134) Importer(815301076,1909f56bfc062723c751e8b465ee728b)  -> (artifact id: '5843a42feb6cf9d99af17e5fc4586764') in 0.085514 seconds 
Editor requested this worker to shutdown with reason: Scaling down because of idle timeout
AssetImportWorker is now disconnected from the server
Process exiting
Exiting without the bug reporter. Application will terminate with return code 0