Using pre-set license
Built from '2021.3/staging' branch; Version is '2021.3.8f1 (b30333d56e81) revision 11731763'; Using compiler version '192829333'; Build Type 'Release'
OS: 'Windows 11  (10.0.22000) 64bit Professional' Language: 'es' Physical Memory: 32509 MB
BatchMode: 1, IsHumanControllingUs: 0, StartBugReporterOnCrash: 0, Is64bit: 1, IsPro: 1

COMMAND LINE ARGUMENTS:
C:\Program Files\Unity\Hub\Editor\2021.3.8f1\Editor\Unity.exe
-adb2
-batchMode
-noUpm
-name
AssetImportWorker11
-projectPath
C:/Users/tipex/Desktop/Pabloquest
-logFile
Logs/AssetImportWorker11.log
-srvPort
56587
Successfully changed project path to: C:/Users/tipex/Desktop/Pabloquest
C:/Users/tipex/Desktop/Pabloquest
[UnityMemory] Configuration Parameters - Can be set up in boot.config
    "memorysetup-bucket-allocator-granularity=16"
    "memorysetup-bucket-allocator-bucket-count=8"
    "memorysetup-bucket-allocator-block-size=33554432"
    "memorysetup-bucket-allocator-block-count=8"
    "memorysetup-main-allocator-block-size=16777216"
    "memorysetup-thread-allocator-block-size=16777216"
    "memorysetup-gfx-main-allocator-block-size=16777216"
    "memorysetup-gfx-thread-allocator-block-size=16777216"
    "memorysetup-cache-allocator-block-size=4194304"
    "memorysetup-typetree-allocator-block-size=2097152"
    "memorysetup-profiler-bucket-allocator-granularity=16"
    "memorysetup-profiler-bucket-allocator-bucket-count=8"
    "memorysetup-profiler-bucket-allocator-block-size=33554432"
    "memorysetup-profiler-bucket-allocator-block-count=8"
    "memorysetup-profiler-allocator-block-size=16777216"
    "memorysetup-profiler-editor-allocator-block-size=1048576"
    "memorysetup-temp-allocator-size-main=16777216"
    "memorysetup-job-temp-allocator-block-size=2097152"
    "memorysetup-job-temp-allocator-block-size-background=1048576"
    "memorysetup-job-temp-allocator-reduction-small-platforms=262144"
    "memorysetup-temp-allocator-size-background-worker=32768"
    "memorysetup-temp-allocator-size-job-worker=262144"
    "memorysetup-temp-allocator-size-preload-manager=33554432"
    "memorysetup-temp-allocator-size-nav-mesh-worker=65536"
    "memorysetup-temp-allocator-size-audio-worker=65536"
    "memorysetup-temp-allocator-size-cloud-worker=32768"
    "memorysetup-temp-allocator-size-gi-baking-worker=262144"
    "memorysetup-temp-allocator-size-gfx=262144"
Refreshing native plugins compatible for Editor in 104.24 ms, found 3 plugins.
Preloading 0 native plugins for Editor in 0.00 ms.
Initialize engine version: 2021.3.8f1 (b30333d56e81)
[Subsystems] Discovering subsystems at path C:/Program Files/Unity/Hub/Editor/2021.3.8f1/Editor/Data/Resources/UnitySubsystems
[Subsystems] Discovering subsystems at path C:/Users/tipex/Desktop/Pabloquest/Assets
GfxDevice: creating device client; threaded=0; jobified=0
Direct3D:
    Version:  Direct3D 11.0 [level 11.1]
    Renderer: NVIDIA GeForce RTX 3070 Laptop GPU (ID=0x249d)
    Vendor:   NVIDIA
    VRAM:     8044 MB
    Driver:   31.0.15.1659
Initialize mono
Mono path[0] = 'C:/Program Files/Unity/Hub/Editor/2021.3.8f1/Editor/Data/Managed'
Mono path[1] = 'C:/Program Files/Unity/Hub/Editor/2021.3.8f1/Editor/Data/MonoBleedingEdge/lib/mono/unityjit-win32'
Mono config path = 'C:/Program Files/Unity/Hub/Editor/2021.3.8f1/Editor/Data/MonoBleedingEdge/etc'
Using monoOptions --debugger-agent=transport=dt_socket,embedding=1,server=y,suspend=n,address=127.0.0.1:56664
Begin MonoManager ReloadAssembly
Registering precompiled unity dll's ...
Register platform support module: C:/Program Files/Unity/Hub/Editor/2021.3.8f1/Editor/Data/PlaybackEngines/WebGLSupport/UnityEditor.WebGL.Extensions.dll
Register platform support module: C:/Program Files/Unity/Hub/Editor/2021.3.8f1/Editor/Data/PlaybackEngines/MacStandaloneSupport/UnityEditor.OSXStandalone.Extensions.dll
Register platform support module: C:/Program Files/Unity/Hub/Editor/2021.3.8f1/Editor/Data/PlaybackEngines/AndroidPlayer/UnityEditor.Android.Extensions.dll
Register platform support module: C:/Program Files/Unity/Hub/Editor/2021.3.8f1/Editor/Data/PlaybackEngines/iOSSupport/UnityEditor.iOS.Extensions.dll
Register platform support module: C:/Program Files/Unity/Hub/Editor/2021.3.8f1/Editor/Data/PlaybackEngines/AppleTVSupport/UnityEditor.AppleTV.Extensions.dll
Register platform support module: C:/Program Files/Unity/Hub/Editor/2021.3.8f1/Editor/Data/PlaybackEngines/WindowsStandaloneSupport/UnityEditor.WindowsStandalone.Extensions.dll
Register platform support module: C:/Program Files/Unity/Hub/Editor/2021.3.8f1/Editor/Data/PlaybackEngines/LinuxStandaloneSupport/UnityEditor.LinuxStandalone.Extensions.dll
Register platform support module: C:/Program Files/Unity/Hub/Editor/2021.3.8f1/Editor/Data/PlaybackEngines/MetroSupport/UnityEditor.UWP.Extensions.dll
Registered in 0.005867 seconds.
Native extension for UWP target not found
Native extension for LinuxStandalone target not found
Native extension for WindowsStandalone target not found
[usbmuxd] Start listen thread
[usbmuxd] Listen thread started
Native extension for AppleTV target not found
[usbmuxd] Start listen thread
[usbmuxd] Listen thread started
Native extension for iOS target not found
Native extension for Android target not found
Native extension for OSXStandalone target not found
Native extension for WebGL target not found
Refreshing native plugins compatible for Editor in 84.24 ms, found 3 plugins.
Preloading 0 native plugins for Editor in 0.00 ms.
Mono: successfully reloaded assembly
- Completed reload, in  0.531 seconds
Domain Reload Profiling:
	ReloadAssembly (531ms)
		BeginReloadAssembly (53ms)
			ExecutionOrderSort (0ms)
			DisableScriptedObjects (0ms)
			BackupInstance (0ms)
			ReleaseScriptingObjects (0ms)
			CreateAndSetChildDomain (1ms)
		EndReloadAssembly (395ms)
			LoadAssemblies (53ms)
			RebuildTransferFunctionScriptingTraits (0ms)
			SetupTypeCache (79ms)
			ReleaseScriptCaches (0ms)
			RebuildScriptCaches (21ms)
			SetupLoadedEditorAssemblies (256ms)
				LogAssemblyErrors (0ms)
				InitializePlatformSupportModulesInManaged (58ms)
				SetLoadedEditorAssemblies (0ms)
				RefreshPlugins (84ms)
				BeforeProcessingInitializeOnLoad (1ms)
				ProcessInitializeOnLoadAttributes (77ms)
				ProcessInitializeOnLoadMethodAttributes (35ms)
				AfterProcessingInitializeOnLoad (0ms)
				EditorAssembliesLoaded (0ms)
			ExecutionOrderSort2 (0ms)
			AwakeInstancesAfterBackupRestoration (0ms)
Platform modules already initialized, skipping
Registering precompiled user dll's ...
Registered in 0.003885 seconds.
Begin MonoManager ReloadAssembly
Symbol file LoadedFromMemory doesn't match image C:\Users\tipex\Desktop\Pabloquest\Library\PackageCache\com.unity.visualscripting@1.7.8\Editor\VisualScripting.Core\Dependencies\YamlDotNet\Unity.VisualScripting.YamlDotNet.dll
Symbol file LoadedFromMemory doesn't match image C:\Users\tipex\Desktop\Pabloquest\Library\PackageCache\com.unity.visualscripting@1.7.8\Editor\VisualScripting.Core\Dependencies\DotNetZip\Unity.VisualScripting.IonicZip.dll
Native extension for UWP target not found
Native extension for LinuxStandalone target not found
Native extension for WindowsStandalone target not found
Native extension for AppleTV target not found
Native extension for iOS target not found
Native extension for Android target not found
Native extension for OSXStandalone target not found
Native extension for WebGL target not found
Refreshing native plugins compatible for Editor in 74.70 ms, found 3 plugins.
Preloading 0 native plugins for Editor in 0.00 ms.
Mono: successfully reloaded assembly
- Completed reload, in  1.001 seconds
Domain Reload Profiling:
	ReloadAssembly (1002ms)
		BeginReloadAssembly (178ms)
			ExecutionOrderSort (0ms)
			DisableScriptedObjects (4ms)
			BackupInstance (0ms)
			ReleaseScriptingObjects (0ms)
			CreateAndSetChildDomain (117ms)
		EndReloadAssembly (740ms)
			LoadAssemblies (56ms)
			RebuildTransferFunctionScriptingTraits (0ms)
			SetupTypeCache (206ms)
			ReleaseScriptCaches (1ms)
			RebuildScriptCaches (48ms)
			SetupLoadedEditorAssemblies (394ms)
				LogAssemblyErrors (0ms)
				InitializePlatformSupportModulesInManaged (20ms)
				SetLoadedEditorAssemblies (0ms)
				RefreshPlugins (75ms)
				BeforeProcessingInitializeOnLoad (72ms)
				ProcessInitializeOnLoadAttributes (206ms)
				ProcessInitializeOnLoadMethodAttributes (17ms)
				AfterProcessingInitializeOnLoad (4ms)
				EditorAssembliesLoaded (0ms)
			ExecutionOrderSort2 (0ms)
			AwakeInstancesAfterBackupRestoration (3ms)
Platform modules already initialized, skipping
========================================================================
Worker process is ready to serve import requests
Launched and connected shader compiler UnityShaderCompiler.exe after 0.03 seconds
Refreshing native plugins compatible for Editor in 0.71 ms, found 3 plugins.
Preloading 0 native plugins for Editor in 0.00 ms.
Unloading 4264 Unused Serialized files (Serialized files now loaded: 0)
Unloading 28 unused Assets / (68.4 KB). Loaded Objects now: 4731.
Memory consumption went from 154.9 MB to 154.8 MB.
Total: 3.531300 ms (FindLiveObjects: 0.256300 ms CreateObjectMapping: 0.121900 ms MarkObjects: 3.078700 ms  DeleteObjects: 0.072800 ms)

AssetImportParameters requested are different than current active one (requested -> active):
  custom:video-decoder-ogg-theora: a1e56fd34408186e4bbccfd4996cb3dc -> 
  custom:container-muxer-webm: aa71ff27fc2769a1b78a27578f13a17b -> 
  custom:container-demuxer-webm: 4f35f7cbe854078d1ac9338744f61a02 -> 
  custom:video-encoder-webm-vp8: eb34c28f22e8b96e1ab97ce403110664 -> 
  custom:video-codec-MediaFoundation-h265: 746d11721c4dcdbdad8f713fa42b33f4 -> 
  custom:audio-encoder-webm-vorbis: bf7c407c2cedff20999df2af8eb42d56 -> 
  custom:framework-win-MediaFoundation: 216162199b28c13a410421893ffa2e32 -> 
  custom:container-demuxer-ogg: 62fdf1f143b41e24485cea50d1cbac27 -> 
  custom:video-decoder-webm-vp8: 9c59270c3fd7afecdb556c50c9e8de78 -> 
  custom:audio-decoder-ogg-vorbis: bf7c407c2cedff20999df2af8eb42d56 -> 
========================================================================
Received Import Request.
  Time since last request: 3346616.192777 seconds.
  path: Assets/Prefabs/Map/Mask_Campsite.prefab
  artifactKey: Guid(7ce5cb813e4c1f447b248419ffdc9bf6) Importer(815301076,1909f56bfc062723c751e8b465ee728b)
Start importing Assets/Prefabs/Map/Mask_Campsite.prefab using Guid(7ce5cb813e4c1f447b248419ffdc9bf6) Importer(815301076,1909f56bfc062723c751e8b465ee728b)  -> (artifact id: 'bfab04a03ea86e8ed356e6c77327dc19') in 0.208618 seconds 
========================================================================
Received Import Request.
  Time since last request: 0.000024 seconds.
  path: Assets/Prefabs/Map/Mask_DwarfCity.prefab
  artifactKey: Guid(cca283ba4aaec014a8e868ac7173aeec) Importer(815301076,1909f56bfc062723c751e8b465ee728b)
Start importing Assets/Prefabs/Map/Mask_DwarfCity.prefab using Guid(cca283ba4aaec014a8e868ac7173aeec) Importer(815301076,1909f56bfc062723c751e8b465ee728b)  -> (artifact id: '06170d9558fed58a8db789d8b74fc093') in 0.077782 seconds 
========================================================================
Received Import Request.
  Time since last request: 0.000032 seconds.
  path: Assets/Prefabs/Map/Mask_Seaport.prefab
  artifactKey: Guid(d8d26a95e3381d74494ac5d0d7a34134) Importer(815301076,1909f56bfc062723c751e8b465ee728b)
Start importing Assets/Prefabs/Map/Mask_Seaport.prefab using Guid(d8d26a95e3381d74494ac5d0d7a34134) Importer(815301076,1909f56bfc062723c751e8b465ee728b)  -> (artifact id: '908ffd5ecb1f9ba7f586ade1fb945c51') in 0.064234 seconds 
========================================================================
Received Import Request.
  Time since last request: 23.506806 seconds.
  path: Assets/Prefabs/Map/Mask_Campsite.prefab
  artifactKey: Guid(7ce5cb813e4c1f447b248419ffdc9bf6) Importer(815301076,1909f56bfc062723c751e8b465ee728b)
Start importing Assets/Prefabs/Map/Mask_Campsite.prefab using Guid(7ce5cb813e4c1f447b248419ffdc9bf6) Importer(815301076,1909f56bfc062723c751e8b465ee728b)  -> (artifact id: '779afea2ef51385e8ce16d38e7639d94') in 0.087895 seconds 
========================================================================
Received Import Request.
  Time since last request: 0.000022 seconds.
  path: Assets/Prefabs/Map/Mask_Village.prefab
  artifactKey: Guid(34e324031ca5a4e41ac6f893e87e1ded) Importer(815301076,1909f56bfc062723c751e8b465ee728b)
Start importing Assets/Prefabs/Map/Mask_Village.prefab using Guid(34e324031ca5a4e41ac6f893e87e1ded) Importer(815301076,1909f56bfc062723c751e8b465ee728b)  -> (artifact id: 'fffd594c0c40618eec7d8ea1b53c58d8') in 0.095378 seconds 
========================================================================
Received Import Request.
  Time since last request: 0.000019 seconds.
  path: Assets/Prefabs/Map/Mask_Seaport.prefab
  artifactKey: Guid(d8d26a95e3381d74494ac5d0d7a34134) Importer(815301076,1909f56bfc062723c751e8b465ee728b)
Start importing Assets/Prefabs/Map/Mask_Seaport.prefab using Guid(d8d26a95e3381d74494ac5d0d7a34134) Importer(815301076,1909f56bfc062723c751e8b465ee728b)  -> (artifact id: 'f6cce3bec281ab79172142be4df4f537') in 0.071125 seconds 
========================================================================
Received Import Request.
  Time since last request: 133.634535 seconds.
  path: Assets/Prefabs/Map/Mask_Campsite.prefab
  artifactKey: Guid(7ce5cb813e4c1f447b248419ffdc9bf6) Importer(815301076,1909f56bfc062723c751e8b465ee728b)
Start importing Assets/Prefabs/Map/Mask_Campsite.prefab using Guid(7ce5cb813e4c1f447b248419ffdc9bf6) Importer(815301076,1909f56bfc062723c751e8b465ee728b)  -> (artifact id: 'fa842f53b8865f182bfa35b1ca546ef1') in 0.091352 seconds 
========================================================================
Received Import Request.
  Time since last request: 0.000028 seconds.
  path: Assets/Prefabs/Map/Mask_DwarfVillage.prefab
  artifactKey: Guid(e6786b6797bf54642928e506d71a0c16) Importer(815301076,1909f56bfc062723c751e8b465ee728b)
Start importing Assets/Prefabs/Map/Mask_DwarfVillage.prefab using Guid(e6786b6797bf54642928e506d71a0c16) Importer(815301076,1909f56bfc062723c751e8b465ee728b)  -> (artifact id: '9b16c5aa2a92fc7caca64706813114ff') in 0.082180 seconds 
========================================================================
Received Import Request.
  Time since last request: 0.000032 seconds.
  path: Assets/Prefabs/Map/Mask_DwarfCity.prefab
  artifactKey: Guid(cca283ba4aaec014a8e868ac7173aeec) Importer(815301076,1909f56bfc062723c751e8b465ee728b)
Start importing Assets/Prefabs/Map/Mask_DwarfCity.prefab using Guid(cca283ba4aaec014a8e868ac7173aeec) Importer(815301076,1909f56bfc062723c751e8b465ee728b)  -> (artifact id: 'f93560bf837f15e6c0f34dac1364e63f') in 0.064788 seconds 
========================================================================
Received Import Request.
  Time since last request: 0.000021 seconds.
  path: Assets/Prefabs/Map/Mask_Seaport.prefab
  artifactKey: Guid(d8d26a95e3381d74494ac5d0d7a34134) Importer(815301076,1909f56bfc062723c751e8b465ee728b)
Start importing Assets/Prefabs/Map/Mask_Seaport.prefab using Guid(d8d26a95e3381d74494ac5d0d7a34134) Importer(815301076,1909f56bfc062723c751e8b465ee728b)  -> (artifact id: '40b7d5c80dcce1d34118f4eee7fb0793') in 0.056777 seconds 
========================================================================
Received Import Request.
  Time since last request: 3.726538 seconds.
  path: Assets/Prefabs/Map/Mask_Campsite.prefab
  artifactKey: Guid(7ce5cb813e4c1f447b248419ffdc9bf6) Importer(815301076,1909f56bfc062723c751e8b465ee728b)
Start importing Assets/Prefabs/Map/Mask_Campsite.prefab using Guid(7ce5cb813e4c1f447b248419ffdc9bf6) Importer(815301076,1909f56bfc062723c751e8b465ee728b)  -> (artifact id: '683066f13523226d4c5c987c2fdf7cce') in 0.082786 seconds 
========================================================================
Received Import Request.
  Time since last request: 0.000025 seconds.
  path: Assets/Prefabs/Map/Mask_Village.prefab
  artifactKey: Guid(34e324031ca5a4e41ac6f893e87e1ded) Importer(815301076,1909f56bfc062723c751e8b465ee728b)
Start importing Assets/Prefabs/Map/Mask_Village.prefab using Guid(34e324031ca5a4e41ac6f893e87e1ded) Importer(815301076,1909f56bfc062723c751e8b465ee728b)  -> (artifact id: 'a6748a936a3a84feb291eb1ce77f18a7') in 0.076915 seconds 
========================================================================
Received Import Request.
  Time since last request: 0.000033 seconds.
  path: Assets/Prefabs/Map/Mask_Seaport.prefab
  artifactKey: Guid(d8d26a95e3381d74494ac5d0d7a34134) Importer(815301076,1909f56bfc062723c751e8b465ee728b)
Start importing Assets/Prefabs/Map/Mask_Seaport.prefab using Guid(d8d26a95e3381d74494ac5d0d7a34134) Importer(815301076,1909f56bfc062723c751e8b465ee728b)  -> (artifact id: '94e76228cfabb0cec08feea6bda4ffaf') in 0.085870 seconds 
========================================================================
Received Import Request.
  Time since last request: 7.727424 seconds.
  path: Assets/Prefabs/Map/Mask_Campsite.prefab
  artifactKey: Guid(7ce5cb813e4c1f447b248419ffdc9bf6) Importer(815301076,1909f56bfc062723c751e8b465ee728b)
Start importing Assets/Prefabs/Map/Mask_Campsite.prefab using Guid(7ce5cb813e4c1f447b248419ffdc9bf6) Importer(815301076,1909f56bfc062723c751e8b465ee728b)  -> (artifact id: '68b0c75ab1ef7f1ac5cb208775099367') in 0.089672 seconds 
========================================================================
Received Import Request.
  Time since last request: 0.000017 seconds.
  path: Assets/Prefabs/Map/Mask_DwarfVillage.prefab
  artifactKey: Guid(e6786b6797bf54642928e506d71a0c16) Importer(815301076,1909f56bfc062723c751e8b465ee728b)
Start importing Assets/Prefabs/Map/Mask_DwarfVillage.prefab using Guid(e6786b6797bf54642928e506d71a0c16) Importer(815301076,1909f56bfc062723c751e8b465ee728b)  -> (artifact id: '44ac9e1cc85f5303d39e21b92a5116f0') in 0.072550 seconds 
========================================================================
Received Import Request.
  Time since last request: 0.000032 seconds.
  path: Assets/Prefabs/Map/Mask_Seaport.prefab
  artifactKey: Guid(d8d26a95e3381d74494ac5d0d7a34134) Importer(815301076,1909f56bfc062723c751e8b465ee728b)
Start importing Assets/Prefabs/Map/Mask_Seaport.prefab using Guid(d8d26a95e3381d74494ac5d0d7a34134) Importer(815301076,1909f56bfc062723c751e8b465ee728b)  -> (artifact id: '353eb86ffe5f85f300418670b8018f28') in 0.070130 seconds 
========================================================================
Received Import Request.
  Time since last request: 22.506738 seconds.
  path: Assets/Prefabs/Map/Mask_Campsite.prefab
  artifactKey: Guid(7ce5cb813e4c1f447b248419ffdc9bf6) Importer(815301076,1909f56bfc062723c751e8b465ee728b)
Start importing Assets/Prefabs/Map/Mask_Campsite.prefab using Guid(7ce5cb813e4c1f447b248419ffdc9bf6) Importer(815301076,1909f56bfc062723c751e8b465ee728b)  -> (artifact id: '9b16368d3f572c1494590c12355ee96c') in 0.094895 seconds 
========================================================================
Received Import Request.
  Time since last request: 0.000020 seconds.
  path: Assets/Prefabs/Map/Mask_Village.prefab
  artifactKey: Guid(34e324031ca5a4e41ac6f893e87e1ded) Importer(815301076,1909f56bfc062723c751e8b465ee728b)
Start importing Assets/Prefabs/Map/Mask_Village.prefab using Guid(34e324031ca5a4e41ac6f893e87e1ded) Importer(815301076,1909f56bfc062723c751e8b465ee728b)  -> (artifact id: 'd32dab6126dc951e40357ae3b71ba652') in 0.089336 seconds 
========================================================================
Received Import Request.
  Time since last request: 10.406465 seconds.
  path: Assets/Prefabs/Map/Mask_Campsite.prefab
  artifactKey: Guid(7ce5cb813e4c1f447b248419ffdc9bf6) Importer(815301076,1909f56bfc062723c751e8b465ee728b)
Start importing Assets/Prefabs/Map/Mask_Campsite.prefab using Guid(7ce5cb813e4c1f447b248419ffdc9bf6) Importer(815301076,1909f56bfc062723c751e8b465ee728b)  -> (artifact id: '0a09887a74575453d457cd2c177e4f1b') in 0.090311 seconds 
========================================================================
Received Import Request.
  Time since last request: 0.000018 seconds.
  path: Assets/Prefabs/Map/Mask_Village.prefab
  artifactKey: Guid(34e324031ca5a4e41ac6f893e87e1ded) Importer(815301076,1909f56bfc062723c751e8b465ee728b)
Start importing Assets/Prefabs/Map/Mask_Village.prefab using Guid(34e324031ca5a4e41ac6f893e87e1ded) Importer(815301076,1909f56bfc062723c751e8b465ee728b)  -> (artifact id: '02fc18fd8dbb6f9506aee8d7a9a40c6c') in 0.086934 seconds 
========================================================================
Received Import Request.
  Time since last request: 232.836832 seconds.
  path: Assets/Prefabs/Map/Mask_Campsite.prefab
  artifactKey: Guid(7ce5cb813e4c1f447b248419ffdc9bf6) Importer(815301076,1909f56bfc062723c751e8b465ee728b)
Start importing Assets/Prefabs/Map/Mask_Campsite.prefab using Guid(7ce5cb813e4c1f447b248419ffdc9bf6) Importer(815301076,1909f56bfc062723c751e8b465ee728b)  -> (artifact id: '9a7731f4ef02bedc666f101e723b77e3') in 0.099824 seconds 
========================================================================
Received Import Request.
  Time since last request: 0.000019 seconds.
  path: Assets/Prefabs/Map/Mask_Village.prefab
  artifactKey: Guid(34e324031ca5a4e41ac6f893e87e1ded) Importer(815301076,1909f56bfc062723c751e8b465ee728b)
Start importing Assets/Prefabs/Map/Mask_Village.prefab using Guid(34e324031ca5a4e41ac6f893e87e1ded) Importer(815301076,1909f56bfc062723c751e8b465ee728b)  -> (artifact id: '7f81283c5a2f37db88eb27e85c946b1a') in 0.074969 seconds 
========================================================================
Received Import Request.
  Time since last request: 0.000023 seconds.
  path: Assets/Prefabs/Map/Mask_Town.prefab
  artifactKey: Guid(0ee76d2f8f33c854f899608e303e6c00) Importer(815301076,1909f56bfc062723c751e8b465ee728b)
Start importing Assets/Prefabs/Map/Mask_Town.prefab using Guid(0ee76d2f8f33c854f899608e303e6c00) Importer(815301076,1909f56bfc062723c751e8b465ee728b)  -> (artifact id: '3e968d4dbd79ae1484e31f5b14a2da6e') in 0.102240 seconds 
Editor requested this worker to shutdown with reason: Scaling down because of idle timeout
AssetImportWorker is now disconnected from the server
Process exiting
Exiting without the bug reporter. Application will terminate with return code 0